TN:
SF:script/DeployAll.s.sol
FN:15,DeployAllContractsScript.run
FNDA:0,DeployAllContractsScript.run
DA:18,0
DA:20,0
DA:22,0
DA:25,0
DA:26,0
DA:27,0
DA:34,0
BRDA:33,0,0,-
BRDA:33,0,1,-
DA:38,0
DA:40,0
DA:43,0
BRDA:43,1,0,-
BRDA:43,1,1,-
DA:44,0
DA:47,0
DA:50,0
BRDA:50,2,0,-
BRDA:50,2,1,-
DA:51,0
DA:59,0
BRDA:58,3,0,-
BRDA:58,3,1,-
DA:63,0
DA:64,0
DA:68,0
DA:76,0
BRDA:75,4,0,-
BRDA:75,4,1,-
DA:80,0
DA:82,0
DA:83,0
DA:84,0
BRDA:84,5,0,-
BRDA:84,5,1,-
DA:85,0
DA:94,0
BRDA:93,6,0,-
BRDA:93,6,1,-
DA:98,0
DA:105,0
BRDA:104,7,0,-
BRDA:104,7,1,-
DA:109,0
DA:113,0
DA:127,0
BRDA:127,8,0,-
BRDA:127,8,1,-
DA:129,0
DA:133,0
DA:134,0
BRDA:134,9,0,-
BRDA:134,9,1,-
DA:136,0
DA:140,0
DA:144,0
DA:145,0
DA:148,0
BRDA:148,10,0,-
BRDA:148,10,1,-
DA:149,0
DA:150,0
DA:154,0
DA:157,0
BRDA:157,11,0,-
BRDA:157,11,1,-
DA:158,0
DA:160,0
DA:162,0
DA:165,0
BRDA:165,12,0,-
BRDA:165,12,1,-
DA:166,0
DA:168,0
DA:170,0
BRDA:170,13,0,-
BRDA:170,13,1,-
DA:171,0
DA:174,0
BRDA:174,14,0,-
BRDA:174,14,1,-
DA:175,0
DA:184,0
BRDA:183,15,0,-
BRDA:183,15,1,-
DA:188,0
DA:193,0
BRDA:193,16,0,-
BRDA:193,16,1,-
DA:194,0
DA:197,0
BRDA:197,17,0,-
BRDA:197,17,1,-
DA:198,0
DA:203,0
DA:206,0
DA:209,0
BRDA:209,18,0,-
BRDA:209,18,1,-
DA:210,0
DA:212,0
DA:214,0
DA:217,0
BRDA:217,19,0,-
BRDA:217,19,1,-
DA:218,0
DA:220,0
DA:223,0
BRDA:222,20,0,-
BRDA:222,20,1,-
DA:226,0
DA:232,0
BRDA:232,21,0,-
BRDA:232,21,1,-
DA:233,0
DA:240,0
DA:243,0
BRDA:243,22,0,-
BRDA:243,22,1,-
DA:245,0
DA:248,0
DA:250,0
DA:253,0
BRDA:253,23,0,-
BRDA:253,23,1,-
DA:254,0
DA:257,0
DA:267,0
BRDA:267,24,0,-
BRDA:267,24,1,-
DA:268,0
DA:273,0
DA:277,0
DA:278,0
DA:279,0
BRDA:279,25,0,-
BRDA:279,25,1,-
DA:280,0
DA:284,0
BRDA:284,26,0,-
BRDA:284,26,1,-
DA:285,0
DA:289,0
DA:292,0
FN:300,DeployAllContractsScript.buildBatchRegisterSpecialNrNft
FNDA:0,DeployAllContractsScript.buildBatchRegisterSpecialNrNft
DA:302,0
DA:303,0
DA:304,0
DA:306,0
DA:307,0
DA:308,0
DA:310,0
DA:311,0
DA:312,0
DA:314,0
FN:326,DeployAllContractsScript.buildXHoprBatchMintInternal
FNDA:0,DeployAllContractsScript.buildXHoprBatchMintInternal
DA:327,0
DA:328,0
DA:330,0
FN:336,DeployAllContractsScript.buildNftBatchMintInternal
FNDA:0,DeployAllContractsScript.buildNftBatchMintInternal
DA:340,0
DA:341,0
DA:342,0
DA:343,0
DA:344,0
DA:345,0
DA:346,0
DA:348,0
DA:356,0
FNF:4
FNH:0
LF:112
LH:0
BRF:54
BRH:0
end_of_record
TN:
SF:script/GetAccountBalances.s.sol
FN:9,GetAccountBalancesScript.run
FNDA:0,GetAccountBalancesScript.run
DA:12,0
DA:14,0
DA:18,0
DA:20,0
DA:21,0
BRDA:21,0,0,-
BRDA:21,0,1,-
DA:22,0
DA:24,0
DA:27,0
DA:28,0
DA:29,0
DA:32,0
FNF:1
FNH:0
LF:11
LH:0
BRF:2
BRH:0
end_of_record
TN:
SF:script/SingleAction.s.sol
FN:20,SingleActionFromPrivateKeyScript.getEnvironmentAndMsgSender
FNDA:0,SingleActionFromPrivateKeyScript.getEnvironmentAndMsgSender
DA:23,0
DA:25,0
DA:28,0
DA:29,0
DA:30,0
FN:36,SingleActionFromPrivateKeyScript.selfRegisterNodes
FNDA:0,SingleActionFromPrivateKeyScript.selfRegisterNodes
DA:38,0
DA:41,0
DA:42,0
BRDA:42,0,0,-
BRDA:42,0,1,-
DA:43,0
DA:44,0
DA:46,0
FN:52,SingleActionFromPrivateKeyScript.selfDeregisterNodes
FNDA:0,SingleActionFromPrivateKeyScript.selfDeregisterNodes
DA:54,0
DA:57,0
DA:58,0
BRDA:58,1,0,-
BRDA:58,1,1,-
DA:59,0
DA:60,0
DA:62,0
FN:68,SingleActionFromPrivateKeyScript.registerNodes
FNDA:0,SingleActionFromPrivateKeyScript.registerNodes
DA:69,0
BRDA:69,2,0,-
BRDA:69,2,1,-
DA:72,0
DA:75,0
BRDA:75,3,0,-
BRDA:75,3,1,-
DA:77,0
DA:78,0
BRDA:78,4,0,-
BRDA:78,4,1,-
DA:79,0
DA:80,0
DA:84,0
DA:85,0
BRDA:85,5,0,-
BRDA:85,5,1,-
DA:86,0
DA:87,0
DA:89,0
FN:95,SingleActionFromPrivateKeyScript.deregisterNodes
FNDA:0,SingleActionFromPrivateKeyScript.deregisterNodes
DA:97,0
DA:100,0
BRDA:100,6,0,-
BRDA:100,6,1,-
DA:102,0
DA:103,0
BRDA:103,7,0,-
BRDA:103,7,1,-
DA:104,0
DA:105,0
DA:109,0
DA:110,0
BRDA:110,8,0,-
BRDA:110,8,1,-
DA:111,0
DA:112,0
DA:114,0
FN:120,SingleActionFromPrivateKeyScript.disableNetworkRegistry
FNDA:0,SingleActionFromPrivateKeyScript.disableNetworkRegistry
DA:122,0
DA:125,0
DA:126,0
BRDA:126,9,0,-
BRDA:126,9,1,-
DA:127,0
DA:129,0
DA:132,0
BRDA:132,10,0,-
BRDA:132,10,1,-
DA:133,0
DA:134,0
BRDA:134,11,0,-
BRDA:134,11,1,-
DA:135,0
DA:136,0
DA:138,0
FN:145,SingleActionFromPrivateKeyScript.enableNetworkRegistry
FNDA:0,SingleActionFromPrivateKeyScript.enableNetworkRegistry
DA:147,0
DA:150,0
DA:151,0
BRDA:151,12,0,-
BRDA:151,12,1,-
DA:152,0
DA:154,0
DA:157,0
BRDA:157,13,0,-
BRDA:157,13,1,-
DA:158,0
DA:159,0
BRDA:159,14,0,-
BRDA:159,14,1,-
DA:160,0
DA:161,0
DA:163,0
FN:170,SingleActionFromPrivateKeyScript.forceEligibilityUpdate
FNDA:0,SingleActionFromPrivateKeyScript.forceEligibilityUpdate
DA:171,0
BRDA:171,15,0,-
BRDA:171,15,1,-
DA:174,0
DA:177,0
DA:178,0
BRDA:178,16,0,-
BRDA:178,16,1,-
DA:179,0
DA:180,0
DA:182,0
FN:188,SingleActionFromPrivateKeyScript.syncEligibility
FNDA:0,SingleActionFromPrivateKeyScript.syncEligibility
DA:190,0
DA:193,0
DA:194,0
BRDA:194,17,0,-
BRDA:194,17,1,-
DA:195,0
DA:196,0
DA:198,0
FN:204,SingleActionFromPrivateKeyScript.stakeXHopr
FNDA:0,SingleActionFromPrivateKeyScript.stakeXHopr
DA:206,0
DA:209,0
DA:210,0
BRDA:210,18,0,-
BRDA:210,18,1,-
DA:211,0
DA:213,0
DA:214,0
BRDA:214,19,0,-
BRDA:214,19,1,-
DA:215,0
DA:216,0
DA:220,0
DA:221,0
DA:222,0
BRDA:222,20,0,-
BRDA:222,20,1,-
DA:223,0
DA:225,0
DA:226,0
BRDA:226,21,0,-
BRDA:226,21,1,-
DA:227,0
DA:228,0
DA:230,0
BRDA:230,22,0,-
BRDA:230,22,1,-
DA:231,0
DA:233,0
DA:234,0
BRDA:234,23,0,-
BRDA:234,23,1,-
DA:235,0
DA:236,0
DA:239,0
FN:245,SingleActionFromPrivateKeyScript.stakeNetworkRegistryNft
FNDA:0,SingleActionFromPrivateKeyScript.stakeNetworkRegistryNft
DA:247,0
DA:250,0
DA:251,0
BRDA:251,24,0,-
BRDA:251,24,1,-
DA:252,0
DA:254,0
DA:255,0
BRDA:255,25,0,-
BRDA:255,25,1,-
DA:256,0
DA:260,0
DA:262,0
FN:268,SingleActionFromPrivateKeyScript.mintXHopr
FNDA:0,SingleActionFromPrivateKeyScript.mintXHopr
DA:270,0
DA:272,0
DA:273,0
DA:276,0
DA:277,0
BRDA:277,26,0,-
BRDA:277,26,1,-
DA:278,0
DA:281,0
FN:287,SingleActionFromPrivateKeyScript.mintHopr
FNDA:0,SingleActionFromPrivateKeyScript.mintHopr
DA:289,0
DA:292,0
BRDA:292,27,0,-
BRDA:292,27,1,-
DA:293,0
DA:294,0
DA:295,0
BRDA:295,28,0,-
BRDA:295,28,1,-
DA:296,0
DA:300,0
FN:306,SingleActionFromPrivateKeyScript.transferNetworkRegistryNft
FNDA:0,SingleActionFromPrivateKeyScript.transferNetworkRegistryNft
DA:308,0
DA:311,0
DA:312,0
FN:318,SingleActionFromPrivateKeyScript.safeTransferNetworkRegistryNft
FNDA:0,SingleActionFromPrivateKeyScript.safeTransferNetworkRegistryNft
DA:320,0
DA:321,0
BRDA:321,29,0,-
BRDA:321,29,1,-
DA:322,0
DA:324,0
DA:326,0
DA:329,0
DA:330,0
DA:331,0
DA:332,0
BRDA:332,30,0,-
BRDA:332,30,1,-
DA:333,0
DA:335,0
DA:336,0
DA:337,0
BRDA:337,31,0,-
BRDA:337,31,1,-
DA:338,0
DA:341,0
BRDA:341,32,0,-
BRDA:341,32,1,-
DA:343,0
DA:344,0
BRDA:344,33,0,-
BRDA:344,33,1,-
DA:345,0
DA:347,0
DA:352,0
BRDA:352,34,0,-
BRDA:352,34,1,-
DA:353,0
FNF:15
FNH:0
LF:145
LH:0
BRF:70
BRH:0
end_of_record
TN:
SF:script/utils/BoostUtilsLib.sol
FN:15,BoostUtilsLib.getBoostTypeAtIndex
FNDA:0,BoostUtilsLib.getBoostTypeAtIndex
DA:16,0
DA:19,0
FNF:1
FNH:0
LF:2
LH:0
BRF:0
BRH:0
end_of_record
TN:
SF:script/utils/EnvironmentConfig.s.sol
FN:51,EnvironmentConfig.getEnvironment
FNDA:0,EnvironmentConfig.getEnvironment
DA:53,0
DA:54,0
DA:55,0
FN:58,EnvironmentConfig.readEnvironment
FNDA:0,EnvironmentConfig.readEnvironment
DA:59,0
DA:60,0
DA:63,0
DA:66,0
DA:67,0
DA:70,0
DA:71,0
DA:74,0
DA:75,0
DA:76,0
DA:77,0
DA:80,0
DA:84,0
FN:98,EnvironmentConfig.readCurrentEnvironment
FNDA:0,EnvironmentConfig.readCurrentEnvironment
DA:99,0
FN:102,EnvironmentConfig.writeEnvironment
FNDA:0,EnvironmentConfig.writeEnvironment
DA:103,0
DA:106,0
DA:109,0
FN:112,EnvironmentConfig.writeCurrentEnvironment
FNDA:0,EnvironmentConfig.writeCurrentEnvironment
DA:114,0
BRDA:114,0,0,-
BRDA:114,0,1,-
DA:115,0
DA:117,0
FN:121,EnvironmentConfig.displayEnvironmentDetail
FNDA:0,EnvironmentConfig.displayEnvironmentDetail
DA:122,0
DA:126,0
DA:127,0
DA:131,0
DA:135,0
DA:141,0
DA:145,0
DA:149,0
DA:153,0
DA:163,0
FN:176,EnvironmentConfig.displayCurrentEnvironmentDetail
FNDA:0,EnvironmentConfig.displayCurrentEnvironmentDetail
DA:177,0
FN:180,EnvironmentConfig.isValidAddress
FNDA:0,EnvironmentConfig.isValidAddress
DA:181,0
FN:184,EnvironmentConfig.parseEnvironmentTypeFromString
FNDA:0,EnvironmentConfig.parseEnvironmentTypeFromString
DA:185,0
BRDA:185,1,0,-
BRDA:185,1,1,-
DA:186,0
DA:187,0
BRDA:187,2,0,-
BRDA:187,2,1,-
DA:188,0
DA:190,0
FN:194,EnvironmentConfig.parseEnvironmentTypeToString
FNDA:0,EnvironmentConfig.parseEnvironmentTypeToString
DA:195,0
BRDA:195,3,0,-
BRDA:195,3,1,-
DA:196,0
DA:197,0
BRDA:197,4,0,-
BRDA:197,4,1,-
DA:198,0
DA:200,0
FN:204,EnvironmentConfig.parseEnvironmentDetailToString
FNDA:0,EnvironmentConfig.parseEnvironmentDetailToString
DA:205,0
DA:206,0
DA:207,0
DA:208,0
DA:209,0
DA:210,0
DA:211,0
DA:212,0
DA:213,0
DA:214,0
DA:215,0
DA:216,0
FNF:11
FNH:0
LF:57
LH:0
BRF:10
BRH:0
end_of_record
TN:
SF:src/ERC777/ERC777Snapshot.sol
FN:52,ERC777Snapshot.balanceOfAt
FNDA:7690,ERC777Snapshot.balanceOfAt
DA:53,7690
FN:61,ERC777Snapshot.totalSupplyAt
FNDA:3587,ERC777Snapshot.totalSupplyAt
DA:62,3587
FN:67,ERC777Snapshot._beforeTokenTransfer
FNDA:3082,ERC777Snapshot._beforeTokenTransfer
DA:68,3082
BRDA:68,0,0,1792
BRDA:68,0,1,1290
DA:70,1792
DA:71,1792
DA:72,1290
BRDA:72,1,0,768
BRDA:72,1,1,522
DA:74,768
DA:75,768
DA:76,522
BRDA:76,2,0,522
BRDA:76,2,1,522
DA:78,522
DA:79,522
FN:89,ERC777Snapshot._valueAt
FNDA:11535,ERC777Snapshot._valueAt
DA:93,11535
DA:94,11535
BRDA:94,3,0,256
BRDA:94,3,1,11279
DA:97,11279
BRDA:97,4,0,-
BRDA:97,4,1,9474
DA:98,9474
DA:100,1805
BRDA:100,5,0,516
BRDA:100,5,1,1289
DA:101,516
DA:105,1289
DA:106,1289
DA:107,2343
DA:108,1566
DA:110,1566
DA:111,1566
BRDA:111,6,0,-
BRDA:111,6,1,512
DA:112,512
DA:113,1054
BRDA:113,7,0,271
BRDA:113,7,1,783
DA:114,271
DA:116,783
DA:120,777
FN:129,ERC777Snapshot.updateValueAtNow
FNDA:6165,ERC777Snapshot.updateValueAtNow
DA:130,6165
BRDA:130,8,0,1
BRDA:130,8,1,6164
DA:131,6164
DA:134,6164
BRDA:133,9,0,5395
BRDA:133,9,1,769
DA:137,5395
DA:144,769
FNF:5
FNH:5
LF:33
LH:33
BRF:20
BRH:18
end_of_record
TN:
SF:src/HoprChannels.sol
FN:198,HoprChannels.announce
FNDA:13826,HoprChannels.announce
DA:199,13826
BRDA:199,0,0,257
BRDA:199,0,1,13569
DA:200,13569
DA:201,13569
FN:212,HoprChannels.fundChannelMulti
FNDA:8448,HoprChannels.fundChannelMulti
DA:218,8448
BRDA:218,1,0,-
BRDA:218,1,1,8448
DA:221,8448
BRDA:221,2,0,8448
BRDA:221,2,1,7168
DA:222,8448
DA:225,7168
BRDA:225,3,0,6912
BRDA:225,3,1,7168
DA:226,6912
DA:230,7168
FN:244,HoprChannels.redeemTicket
FNDA:2560,HoprChannels.redeemTicket
DA:254,2560
BRDA:254,4,0,-
BRDA:254,4,1,2560
DA:255,2560
BRDA:255,5,0,-
BRDA:255,5,1,2560
DA:256,2560
DA:260,2560
BRDA:260,6,0,512
BRDA:260,6,1,2048
DA:261,2048
BRDA:261,7,0,-
BRDA:261,7,1,2048
DA:262,2048
BRDA:262,8,0,-
BRDA:262,8,1,2048
DA:263,2048
BRDA:263,9,0,-
BRDA:263,9,1,2048
DA:265,2048
DA:279,2048
BRDA:279,10,0,512
BRDA:279,10,1,1536
DA:280,1536
BRDA:280,11,0,256
BRDA:280,11,1,1280
DA:289,1280
DA:290,1280
DA:291,1280
DA:292,1280
DA:297,1280
DA:298,1280
DA:300,1280
BRDA:300,12,0,1024
BRDA:300,12,1,256
DA:301,1024
DA:302,1024
DA:304,256
FN:322,HoprChannels.initiateChannelClosure
FNDA:3840,HoprChannels.initiateChannelClosure
DA:325,3328
DA:326,3328
BRDA:326,13,0,256
BRDA:326,13,1,3072
DA:327,3072
DA:328,3072
DA:329,3072
DA:330,3072
FN:340,HoprChannels.finalizeChannelClosure
FNDA:3072,HoprChannels.finalizeChannelClosure
DA:343,2560
DA:344,2560
BRDA:344,14,0,256
BRDA:344,14,1,2304
DA:345,2304
BRDA:345,15,0,256
BRDA:345,15,1,2048
DA:346,2048
DA:347,2048
DA:348,2048
DA:349,2048
DA:350,2048
DA:351,2048
DA:353,2048
BRDA:353,16,0,-
BRDA:353,16,1,2048
DA:354,2048
FN:366,HoprChannels.bumpChannel
FNDA:8448,HoprChannels.bumpChannel
DA:370,8448
DA:375,8448
BRDA:375,17,0,-
BRDA:375,17,1,8448
DA:376,8448
DA:377,8448
DA:378,8448
BRDA:378,18,0,-
BRDA:378,18,1,256
DA:379,256
DA:381,8448
DA:382,8448
FN:395,HoprChannels.tokensReceived
FNDA:256,HoprChannels.tokensReceived
DA:405,256
BRDA:405,19,0,-
BRDA:405,19,1,256
DA:406,256
BRDA:406,20,0,-
BRDA:406,20,1,256
DA:409,256
BRDA:409,21,0,-
BRDA:409,21,1,256
DA:410,256
DA:411,256
DA:412,256
DA:413,256
DA:415,256
DA:416,256
BRDA:416,22,0,-
BRDA:416,22,1,256
DA:419,256
BRDA:419,23,0,256
BRDA:419,23,1,256
DA:420,256
DA:423,256
BRDA:423,24,0,-
BRDA:423,24,1,256
DA:424,0
FN:438,HoprChannels._fundChannel
FNDA:15616,HoprChannels._fundChannel
DA:444,14848
BRDA:444,25,0,-
BRDA:444,25,1,14848
DA:445,14848
BRDA:445,26,0,256
BRDA:445,26,1,14592
DA:446,14592
BRDA:446,27,0,256
BRDA:446,27,1,14336
DA:448,14336
DA:449,14336
BRDA:449,28,0,-
BRDA:449,28,1,14336
DA:450,14336
BRDA:450,29,0,-
BRDA:450,29,1,3584
DA:452,13056
DA:453,13056
DA:454,13056
DA:456,13056
BRDA:456,30,0,-
BRDA:456,30,1,9472
DA:457,9472
DA:458,9472
DA:460,3584
DA:464,14336
DA:465,14336
DA:466,14336
FN:475,HoprChannels._getChannel
FNDA:32512,HoprChannels._getChannel
DA:483,32512
DA:484,32512
DA:485,32512
FN:493,HoprChannels._getChannelId
FNDA:32513,HoprChannels._getChannelId
DA:494,32513
FN:500,HoprChannels._currentBlockTimestamp
FNDA:8448,HoprChannels._currentBlockTimestamp
DA:502,8448
FN:516,HoprChannels._computeChallenge
FNDA:2048,HoprChannels._computeChallenge
DA:518,2048
DA:520,2048
BRDA:520,31,0,-
BRDA:520,31,1,2048
DA:521,2048
BRDA:521,32,0,-
BRDA:521,32,1,2048
DA:524,2048
DA:526,2048
DA:528,2048
DA:530,2048
FN:536,HoprChannels._getEncodedTicket
FNDA:2048,HoprChannels._getEncodedTicket
DA:545,2048
DA:547,2048
FN:563,HoprChannels._getTicketLuck
FNDA:1536,HoprChannels._getTicketLuck
DA:568,1536
FNF:14
FNH:14
LF:98
LH:97
BRF:66
BRH:46
end_of_record
TN:
SF:src/HoprDistributor.sol
FN:70,HoprDistributor.getSchedule
FNDA:1,HoprDistributor.getSchedule
DA:71,1
FN:82,HoprDistributor.updateStartTime
FNDA:512,HoprDistributor.updateStartTime
DA:83,512
BRDA:83,0,0,256
BRDA:83,0,1,256
DA:84,256
FN:93,HoprDistributor.revokeAccount
FNDA:5,HoprDistributor.revokeAccount
DA:97,5
DA:98,5
BRDA:98,1,0,1
BRDA:98,1,1,4
DA:99,4
BRDA:99,2,0,1
BRDA:99,2,1,3
DA:101,3
DA:102,3
FN:115,HoprDistributor.addSchedule
FNDA:1818,HoprDistributor.addSchedule
DA:120,1818
BRDA:120,3,0,1
BRDA:120,3,1,1817
DA:121,1817
BRDA:121,4,0,1
BRDA:121,4,1,1816
DA:123,1816
DA:124,1816
DA:126,1816
DA:127,5444
BRDA:127,5,0,1
BRDA:127,5,1,5443
DA:128,5443
DA:130,5443
BRDA:130,6,0,1
BRDA:130,6,1,5442
DA:131,5442
DA:134,1814
BRDA:134,7,0,256
BRDA:134,7,1,1558
DA:136,1558
DA:138,1558
FN:149,HoprDistributor.addAllocations
FNDA:1299,HoprDistributor.addAllocations
DA:154,1299
BRDA:154,8,0,1
BRDA:154,8,1,1298
DA:155,1298
BRDA:155,9,0,1
BRDA:155,9,1,1297
DA:158,1297
DA:160,1297
DA:161,1297
BRDA:161,10,0,1
BRDA:161,10,1,1296
DA:162,1296
DA:163,1296
DA:164,1296
BRDA:164,11,0,256
BRDA:164,11,1,1040
DA:166,1040
DA:169,1040
FN:176,HoprDistributor.claim
FNDA:9,HoprDistributor.claim
DA:177,9
FN:185,HoprDistributor.claimFor
FNDA:1536,HoprDistributor.claimFor
DA:186,1536
FN:194,HoprDistributor.getClaimable
FNDA:1293,HoprDistributor.getClaimable
DA:195,1293
FN:203,HoprDistributor._claim
FNDA:1545,HoprDistributor._claim
DA:204,1545
DA:205,1545
BRDA:205,12,0,257
BRDA:205,12,1,1288
DA:206,1288
BRDA:206,13,0,2
BRDA:206,13,1,1286
DA:208,1286
DA:210,1286
DA:212,1286
BRDA:212,14,0,-
BRDA:212,14,1,1286
DA:214,1286
DA:216,1286
BRDA:216,15,0,-
BRDA:216,15,1,1286
DA:218,1286
DA:222,1286
BRDA:222,16,0,-
BRDA:222,16,1,1286
DA:224,1286
DA:225,1286
DA:226,1286
DA:229,1286
DA:231,1286
FN:239,HoprDistributor._getClaimable
FNDA:2579,HoprDistributor._getClaimable
DA:244,2579
BRDA:244,17,0,519
BRDA:244,17,1,2060
DA:245,519
DA:249,2060
BRDA:249,18,0,1030
BRDA:249,18,1,1030
DA:251,1030
DA:254,1030
DA:256,1030
DA:257,2575
DA:260,2575
BRDA:260,19,0,1030
BRDA:260,19,1,1545
DA:262,1545
BRDA:262,20,0,1028
BRDA:262,20,1,517
DA:264,517
DA:267,1030
FN:270,HoprDistributor._currentBlockTimestamp
FNDA:9012,HoprDistributor._currentBlockTimestamp
DA:272,9012
FN:276,HoprDistributor._addUint128
FNDA:17041,HoprDistributor._addUint128
DA:277,17041
DA:278,17041
BRDA:278,21,0,-
BRDA:278,21,1,17041
DA:280,17041
FN:283,HoprDistributor._subUint128
FNDA:1036,HoprDistributor._subUint128
DA:284,1036
BRDA:284,22,0,-
BRDA:284,22,1,1036
DA:285,1036
DA:287,1036
FN:290,HoprDistributor._mulUint128
FNDA:517,HoprDistributor._mulUint128
DA:291,517
BRDA:291,23,0,-
BRDA:291,23,1,517
DA:292,0
DA:295,517
DA:296,517
BRDA:296,24,0,-
BRDA:296,24,1,517
DA:298,517
FN:301,HoprDistributor._divUint128
FNDA:517,HoprDistributor._divUint128
DA:302,517
BRDA:302,25,0,-
BRDA:302,25,1,517
DA:303,517
DA:305,517
FNF:15
FNH:15
LF:74
LH:73
BRF:52
BRH:44
end_of_record
TN:
SF:src/HoprForwarder.sol
FN:34,HoprForwarder.tokensReceived
FNDA:0,HoprForwarder.tokensReceived
DA:42,0
BRDA:42,0,0,-
BRDA:42,0,1,-
DA:43,0
BRDA:43,1,0,-
BRDA:43,1,1,-
DA:44,0
BRDA:44,2,0,-
BRDA:44,2,1,-
DA:45,0
FN:52,HoprForwarder.recoverTokens
FNDA:0,HoprForwarder.recoverTokens
DA:53,0
BRDA:53,3,0,-
BRDA:53,3,1,-
DA:54,0
DA:56,0
FNF:2
FNH:0
LF:7
LH:0
BRF:8
BRH:0
end_of_record
TN:
SF:src/HoprNetworkRegistry.sol
FN:72,HoprNetworkRegistry.updateRequirementImplementation
FNDA:512,HoprNetworkRegistry.updateRequirementImplementation
DA:73,256
DA:74,256
FN:80,HoprNetworkRegistry.enableRegistry
FNDA:258,HoprNetworkRegistry.enableRegistry
DA:81,2
BRDA:81,0,0,1
BRDA:81,0,1,1
DA:82,1
DA:83,1
FN:89,HoprNetworkRegistry.disableRegistry
FNDA:4,HoprNetworkRegistry.disableRegistry
DA:90,3
DA:91,3
FN:106,HoprNetworkRegistry.selfRegister
FNDA:1292,HoprNetworkRegistry.selfRegister
DA:108,1292
DA:111,1292
BRDA:111,1,0,257
BRDA:111,1,1,1035
DA:115,1035
DA:117,1035
DA:118,1291
DA:119,1291
BRDA:119,2,0,768
BRDA:119,2,1,523
DA:120,768
DA:123,523
DA:124,523
BRDA:124,3,0,1
BRDA:124,3,1,522
DA:126,1
DA:131,522
BRDA:131,4,0,1
BRDA:131,4,1,521
DA:132,521
DA:133,521
FN:147,HoprNetworkRegistry.selfDeregister
FNDA:2,HoprNetworkRegistry.selfDeregister
DA:149,2
DA:152,2
BRDA:152,5,0,2
BRDA:152,5,1,-
DA:154,2
DA:156,0
DA:159,2
DA:160,2
DA:161,2
BRDA:161,6,0,1
BRDA:161,6,1,1
DA:165,1
DA:166,1
FN:179,HoprNetworkRegistry.ownerRegister
FNDA:515,HoprNetworkRegistry.ownerRegister
DA:180,515
BRDA:180,7,0,1
BRDA:180,7,1,514
DA:181,514
DA:183,770
BRDA:183,8,0,-
BRDA:183,8,1,770
DA:184,770
DA:185,770
DA:187,770
DA:189,770
DA:190,770
FN:201,HoprNetworkRegistry.ownerDeregister
FNDA:512,HoprNetworkRegistry.ownerDeregister
DA:202,512
DA:203,512
DA:204,512
DA:205,512
BRDA:205,9,0,256
BRDA:205,9,1,512
DA:206,256
DA:207,256
DA:211,256
FN:223,HoprNetworkRegistry.ownerForceEligibility
FNDA:5,HoprNetworkRegistry.ownerForceEligibility
DA:224,5
BRDA:224,10,0,-
BRDA:224,10,1,5
DA:225,5
DA:226,7
FN:236,HoprNetworkRegistry.sync
FNDA:6,HoprNetworkRegistry.sync
DA:237,6
DA:238,10
DA:239,10
DA:241,10
BRDA:241,11,0,4
BRDA:241,11,1,6
DA:243,4
DA:245,6
BRDA:245,12,0,3
BRDA:245,12,1,3
DA:246,3
DA:249,3
FN:258,HoprNetworkRegistry.isNodeRegisteredAndEligible
FNDA:4,HoprNetworkRegistry.isNodeRegisteredAndEligible
DA:260,4
DA:261,4
BRDA:261,13,0,2
BRDA:261,13,1,2
DA:263,2
DA:265,2
FN:273,HoprNetworkRegistry.isAccountRegisteredAndEligible
FNDA:4,HoprNetworkRegistry.isAccountRegisteredAndEligible
DA:274,4
FN:283,HoprNetworkRegistry._checkEligibility
FNDA:1304,HoprNetworkRegistry._checkEligibility
DA:284,1304
DA:285,1304
BRDA:285,14,0,1042
BRDA:285,14,1,262
DA:286,1042
DA:288,262
FNF:12
FNH:12
LF:64
LH:63
BRF:30
BRH:27
end_of_record
TN:
SF:src/HoprToken.sol
FN:29,HoprToken.mint
FNDA:1536,HoprToken.mint
DA:35,1536
BRDA:35,0,0,256
BRDA:35,0,1,1280
DA:36,1280
FNF:1
FNH:1
LF:2
LH:2
BRF:2
BRH:2
end_of_record
TN:
SF:src/HoprWrapper.sol
FN:50,HoprWrapper.onTokenTransfer
FNDA:1280,HoprWrapper.onTokenTransfer
DA:57,1280
BRDA:57,0,0,256
BRDA:57,0,1,1024
DA:59,1024
DA:61,1024
DA:63,1024
DA:64,1024
FN:76,HoprWrapper.tokensReceived
FNDA:512,HoprWrapper.tokensReceived
DA:86,512
BRDA:86,1,0,256
BRDA:86,1,1,256
DA:87,256
BRDA:87,2,0,-
BRDA:87,2,1,256
DA:89,256
DA:90,256
DA:92,256
DA:94,256
FN:101,HoprWrapper.recoverTokens
FNDA:256,HoprWrapper.recoverTokens
DA:102,256
DA:104,256
BRDA:104,3,0,256
BRDA:104,3,1,256
DA:105,256
FNF:3
FNH:3
LF:14
LH:14
BRF:8
BRH:7
end_of_record
TN:
SF:src/HoprWrapperProxy.sol
FN:50,HoprWrapperProxy.onTokenTransfer
FNDA:0,HoprWrapperProxy.onTokenTransfer
DA:56,0
BRDA:56,0,0,-
BRDA:56,0,1,-
DA:57,0
BRDA:57,1,0,-
BRDA:57,1,1,-
DA:59,0
DA:60,0
DA:61,0
FN:73,HoprWrapperProxy.tokensReceived
FNDA:0,HoprWrapperProxy.tokensReceived
DA:81,0
BRDA:81,2,0,-
BRDA:81,2,1,-
DA:83,0
BRDA:83,3,0,-
BRDA:83,3,1,-
DA:84,0
DA:85,0
FN:92,HoprWrapperProxy.recoverTokens
FNDA:0,HoprWrapperProxy.recoverTokens
DA:93,0
BRDA:93,4,0,-
BRDA:93,4,1,-
DA:94,0
DA:96,0
FNF:3
FNH:0
LF:12
LH:0
BRF:10
BRH:0
end_of_record
TN:
SF:src/openzeppelin-contracts/ERC777.sol
FN:305,ERC777.name
FNDA:0,ERC777.name
DA:306,0
FN:312,ERC777.symbol
FNDA:0,ERC777.symbol
DA:313,0
FN:322,ERC777.decimals
FNDA:0,ERC777.decimals
DA:323,0
FN:331,ERC777.granularity
FNDA:0,ERC777.granularity
DA:332,0
FN:338,ERC777.totalSupply
FNDA:768,ERC777.totalSupply
DA:339,3328
FN:345,ERC777.balanceOf
FNDA:256,ERC777.balanceOf
DA:346,3860
FN:354,ERC777.send
FNDA:0,ERC777.send
DA:355,0
FN:366,ERC777.transfer
FNDA:522,ERC777.transfer
DA:367,522
BRDA:367,0,0,-
BRDA:367,0,1,522
DA:369,522
DA:371,522
DA:373,522
DA:375,522
DA:377,522
FN:385,ERC777.burn
FNDA:256,ERC777.burn
DA:386,256
FN:392,ERC777.isOperatorFor
FNDA:0,ERC777.isOperatorFor
DA:393,0
FN:401,ERC777.authorizeOperator
FNDA:0,ERC777.authorizeOperator
DA:402,0
BRDA:402,1,0,-
BRDA:402,1,1,-
DA:404,0
BRDA:404,2,0,-
BRDA:404,2,1,-
DA:405,0
DA:407,0
DA:410,0
FN:416,ERC777.revokeOperator
FNDA:0,ERC777.revokeOperator
DA:417,0
BRDA:417,3,0,-
BRDA:417,3,1,-
DA:419,0
BRDA:419,4,0,-
BRDA:419,4,1,-
DA:420,0
DA:422,0
DA:425,0
FN:431,ERC777.defaultOperators
FNDA:0,ERC777.defaultOperators
DA:432,0
FN:440,ERC777.operatorSend
FNDA:0,ERC777.operatorSend
DA:451,0
BRDA:451,5,0,-
BRDA:451,5,1,-
DA:452,0
FN:460,ERC777.operatorBurn
FNDA:0,ERC777.operatorBurn
DA:461,0
BRDA:461,6,0,-
BRDA:461,6,1,-
DA:462,0
FN:472,ERC777.allowance
FNDA:0,ERC777.allowance
DA:473,0
FN:481,ERC777.approve
FNDA:0,ERC777.approve
DA:482,0
DA:483,0
DA:484,0
FN:496,ERC777.transferFrom
FNDA:0,ERC777.transferFrom
DA:497,0
BRDA:497,7,0,-
BRDA:497,7,1,-
DA:498,0
BRDA:498,8,0,-
BRDA:498,8,1,-
DA:500,0
DA:502,0
DA:504,0
DA:505,0
DA:507,0
DA:509,0
FN:529,ERC777._mint
FNDA:1792,ERC777._mint
DA:538,1792
BRDA:538,9,0,-
BRDA:538,9,1,1792
DA:540,1792
DA:542,1792
DA:545,1792
DA:546,1792
DA:548,1792
DA:550,1792
DA:551,1792
FN:563,ERC777._send
FNDA:0,ERC777._send
DA:574,0
BRDA:574,10,0,-
BRDA:574,10,1,-
DA:575,0
BRDA:575,11,0,-
BRDA:575,11,1,-
DA:577,0
DA:579,0
DA:581,0
DA:583,0
FN:593,ERC777._burn
FNDA:768,ERC777._burn
DA:602,768
BRDA:602,12,0,-
BRDA:602,12,1,768
DA:604,768
DA:606,768
DA:608,768
DA:611,768
DA:612,768
DA:614,768
DA:615,768
FN:618,ERC777._move
FNDA:522,ERC777._move
DA:628,522
DA:630,522
DA:631,522
DA:633,522
DA:634,522
FN:642,ERC777._approve
FNDA:0,ERC777._approve
DA:643,0
BRDA:643,13,0,-
BRDA:643,13,1,-
DA:644,0
BRDA:644,14,0,-
BRDA:644,14,1,-
DA:646,0
DA:647,0
FN:659,ERC777._callTokensToSend
FNDA:1290,ERC777._callTokensToSend
DA:669,1290
DA:670,1290
BRDA:670,15,0,-
BRDA:670,15,1,-
DA:671,0
FN:686,ERC777._callTokensReceived
FNDA:2314,ERC777._callTokensReceived
DA:697,2314
DA:698,2314
BRDA:698,16,0,-
BRDA:698,16,1,256
DA:699,256
DA:700,2058
BRDA:700,17,0,-
BRDA:700,17,1,1792
DA:701,1792
BRDA:701,18,0,-
BRDA:701,18,1,1792
FN:719,ERC777._beforeTokenTransfer
FNDA:0,ERC777._beforeTokenTransfer
FNF:26
FNH:9
LF:81
LH:37
BRF:38
BRH:6
end_of_record
TN:
SF:src/proxy/HoprDummyProxyForNetworkRegistry.sol
FN:31,HoprDummyProxyForNetworkRegistry.maxAllowedRegistrations
FNDA:256,HoprDummyProxyForNetworkRegistry.maxAllowedRegistrations
DA:32,256
BRDA:32,0,0,256
BRDA:32,0,1,-
DA:33,256
DA:35,0
FN:42,HoprDummyProxyForNetworkRegistry.updateAllowAll
FNDA:0,HoprDummyProxyForNetworkRegistry.updateAllowAll
DA:43,0
BRDA:43,1,0,-
BRDA:43,1,1,-
DA:44,0
DA:46,0
DA:47,0
FN:54,HoprDummyProxyForNetworkRegistry.ownerBatchAddAccounts
FNDA:256,HoprDummyProxyForNetworkRegistry.ownerBatchAddAccounts
DA:55,256
DA:56,512
FN:64,HoprDummyProxyForNetworkRegistry.ownerBatchRemoveAccounts
FNDA:256,HoprDummyProxyForNetworkRegistry.ownerBatchRemoveAccounts
DA:65,256
DA:66,512
FN:74,HoprDummyProxyForNetworkRegistry.ownerAddAccount
FNDA:1280,HoprDummyProxyForNetworkRegistry.ownerAddAccount
DA:75,1024
FN:82,HoprDummyProxyForNetworkRegistry.ownerRemoveAccount
FNDA:512,HoprDummyProxyForNetworkRegistry.ownerRemoveAccount
DA:83,256
FN:90,HoprDummyProxyForNetworkRegistry._addAccount
FNDA:1536,HoprDummyProxyForNetworkRegistry._addAccount
DA:91,1536
BRDA:91,2,0,1536
BRDA:91,2,1,1536
DA:92,1536
DA:93,1536
FN:101,HoprDummyProxyForNetworkRegistry._removeAccount
FNDA:768,HoprDummyProxyForNetworkRegistry._removeAccount
DA:102,768
BRDA:102,3,0,512
BRDA:102,3,1,768
DA:103,512
DA:104,512
FNF:8
FNH:7
LF:19
LH:14
BRF:8
BRH:5
end_of_record
TN:
SF:src/proxy/HoprStakingProxyForNetworkRegistry.sol
FN:15,IHoprStake.stakedHoprTokens
FNDA:0,IHoprStake.stakedHoprTokens
FN:17,IHoprStake.isNftTypeAndRankRedeemed2
FNDA:0,IHoprStake.isNftTypeAndRankRedeemed2
FN:78,HoprStakingProxyForNetworkRegistry.maxAllowedRegistrations
FNDA:42,HoprStakingProxyForNetworkRegistry.maxAllowedRegistrations
DA:79,42
DA:81,42
DA:82,42
DA:83,42
BRDA:83,0,0,-
BRDA:83,0,1,7
DA:84,7
DA:90,42
DA:91,42
BRDA:91,1,0,21
BRDA:91,1,1,21
DA:93,21
DA:96,21
DA:97,18
DA:98,18
BRDA:98,2,0,9
BRDA:98,2,1,18
DA:99,9
DA:103,21
FN:112,HoprStakingProxyForNetworkRegistry.ownerBatchAddSpecialNftTypeAndRank
FNDA:3,HoprStakingProxyForNetworkRegistry.ownerBatchAddSpecialNftTypeAndRank
DA:117,3
BRDA:117,3,0,-
BRDA:117,3,1,3
DA:121,3
BRDA:121,4,0,-
BRDA:121,4,1,3
DA:125,3
DA:126,6
FN:135,HoprStakingProxyForNetworkRegistry.ownerBatchRemoveSpecialNftTypeAndRank
FNDA:0,HoprStakingProxyForNetworkRegistry.ownerBatchRemoveSpecialNftTypeAndRank
DA:139,0
BRDA:139,5,0,-
BRDA:139,5,1,-
DA:143,0
DA:144,0
FN:153,HoprStakingProxyForNetworkRegistry.ownerBatchAddNftTypeAndRank
FNDA:3,HoprStakingProxyForNetworkRegistry.ownerBatchAddNftTypeAndRank
DA:154,3
BRDA:154,6,0,1
BRDA:154,6,1,2
DA:158,2
DA:159,5
FN:168,HoprStakingProxyForNetworkRegistry.ownerBatchRemoveNftTypeAndRank
FNDA:2,HoprStakingProxyForNetworkRegistry.ownerBatchRemoveNftTypeAndRank
DA:169,2
BRDA:169,7,0,1
BRDA:169,7,1,1
DA:173,1
DA:174,2
FN:183,HoprStakingProxyForNetworkRegistry.ownerAddNftTypeAndRank
FNDA:8,HoprStakingProxyForNetworkRegistry.ownerAddNftTypeAndRank
DA:184,8
FN:192,HoprStakingProxyForNetworkRegistry.ownerRemoveNftTypeAndRank
FNDA:1,HoprStakingProxyForNetworkRegistry.ownerRemoveNftTypeAndRank
DA:193,1
FN:200,HoprStakingProxyForNetworkRegistry.ownerUpdateThreshold
FNDA:259,HoprStakingProxyForNetworkRegistry.ownerUpdateThreshold
DA:201,259
BRDA:201,8,0,1
BRDA:201,8,1,258
DA:205,258
DA:206,258
FN:213,HoprStakingProxyForNetworkRegistry.updateStakeContract
FNDA:0,HoprStakingProxyForNetworkRegistry.updateStakeContract
DA:214,0
FN:223,HoprStakingProxyForNetworkRegistry._addSpecialNftTypeAndRank
FNDA:6,HoprStakingProxyForNetworkRegistry._addSpecialNftTypeAndRank
DA:228,6
DA:229,9
DA:232,3
BRDA:231,9,0,-
BRDA:231,9,1,-
DA:236,0
DA:237,0
DA:238,0
DA:242,6
DA:243,6
DA:244,6
FN:252,HoprStakingProxyForNetworkRegistry._removeSpecialNftTypeAndRank
FNDA:0,HoprStakingProxyForNetworkRegistry._removeSpecialNftTypeAndRank
DA:254,0
DA:256,0
BRDA:255,10,0,-
BRDA:255,10,1,-
DA:260,0
DA:261,0
DA:262,0
DA:263,0
DA:264,0
DA:265,0
FN:275,HoprStakingProxyForNetworkRegistry._addNftTypeAndRank
FNDA:13,HoprStakingProxyForNetworkRegistry._addNftTypeAndRank
DA:276,13
DA:279,6
BRDA:278,11,0,3
BRDA:278,11,1,3
DA:283,3
DA:286,10
DA:287,10
FN:295,HoprStakingProxyForNetworkRegistry._removeNftTypeAndRank
FNDA:3,HoprStakingProxyForNetworkRegistry._removeNftTypeAndRank
DA:297,3
DA:299,3
BRDA:298,12,0,-
BRDA:298,12,1,2
DA:303,2
DA:304,2
DA:305,2
DA:306,2
FN:315,HoprStakingProxyForNetworkRegistry._updateStakeContract
FNDA:0,HoprStakingProxyForNetworkRegistry._updateStakeContract
DA:316,0
DA:317,0
FNF:16
FNH:10
LF:62
LH:45
BRF:26
BRH:16
end_of_record
TN:
SF:src/stake/HoprBoost.sol
FN:47,HoprBoost.boostOf
FNDA:257,HoprBoost.boostOf
DA:48,257
FN:55,HoprBoost.typeIndexOf
FNDA:776,HoprBoost.typeIndexOf
DA:56,776
FN:63,HoprBoost.typeOf
FNDA:1,HoprBoost.typeOf
DA:64,1
FN:71,HoprBoost.typeAt
FNDA:1,HoprBoost.typeAt
DA:72,1
FN:79,HoprBoost.updateBaseURI
FNDA:257,HoprBoost.updateBaseURI
DA:80,1
FN:95,HoprBoost.mint
FNDA:3,HoprBoost.mint
DA:103,3
DA:104,3
DA:105,3
DA:107,3
DA:109,3
FN:124,HoprBoost.batchMint
FNDA:3,HoprBoost.batchMint
DA:132,3
DA:133,3
DA:134,3
DA:136,3
DA:137,6
DA:140,3
FN:147,HoprBoost.reclaimErc20Tokens
FNDA:1,HoprBoost.reclaimErc20Tokens
DA:148,1
FN:155,HoprBoost.reclaimErc721Tokens
FNDA:1,HoprBoost.reclaimErc721Tokens
DA:160,1
FN:166,HoprBoost.supportsInterface
FNDA:0,HoprBoost.supportsInterface
DA:173,0
FN:179,HoprBoost.tokenURI
FNDA:2,HoprBoost.tokenURI
DA:185,2
FN:191,HoprBoost._baseURI
FNDA:2,HoprBoost._baseURI
DA:192,2
FN:198,HoprBoost._beforeTokenTransfer
FNDA:9,HoprBoost._beforeTokenTransfer
DA:203,9
FN:209,HoprBoost._burn
FNDA:0,HoprBoost._burn
FN:219,HoprBoost._mintBoost
FNDA:9,HoprBoost._mintBoost
DA:227,9
DA:228,9
DA:230,9
DA:232,9
DA:234,9
DA:236,9
FNF:15
FNH:13
LF:28
LH:27
BRF:0
BRH:0
end_of_record
TN:
SF:src/stake/HoprStake.sol
FN:97,HoprStake.onTokenTransfer
FNDA:0,HoprStake.onTokenTransfer
DA:103,0
BRDA:103,0,0,-
BRDA:103,0,1,-
DA:104,0
BRDA:104,1,0,-
BRDA:104,1,1,-
DA:106,0
DA:107,0
DA:108,0
DA:109,0
DA:111,0
FN:123,HoprStake.tokensReceived
FNDA:0,HoprStake.tokensReceived
DA:134,0
BRDA:134,2,0,-
BRDA:134,2,1,-
DA:135,0
BRDA:135,3,0,-
BRDA:135,3,1,-
DA:136,0
BRDA:136,4,0,-
BRDA:136,4,1,-
DA:137,0
DA:138,0
FN:150,HoprStake.onERC721Received
FNDA:0,HoprStake.onERC721Received
DA:158,0
BRDA:158,5,0,-
BRDA:158,5,1,-
DA:159,0
BRDA:159,6,0,-
BRDA:159,6,1,-
DA:161,0
DA:164,0
DA:165,0
DA:168,0
DA:169,0
DA:170,0
BRDA:170,7,0,-
BRDA:170,7,1,-
DA:172,0
DA:173,0
DA:174,0
DA:176,0
DA:177,0
DA:179,0
BRDA:179,8,0,-
BRDA:179,8,1,-
DA:180,0
BRDA:180,9,0,-
BRDA:180,9,1,-
DA:181,0
DA:183,0
DA:184,0
DA:187,0
BRDA:187,10,0,-
BRDA:187,10,1,-
DA:189,0
DA:190,0
DA:191,0
DA:194,0
FN:205,HoprStake.lock
FNDA:0,HoprStake.lock
DA:206,0
BRDA:206,11,0,-
BRDA:206,11,1,-
DA:207,0
BRDA:207,12,0,-
BRDA:207,12,1,-
DA:209,0
DA:210,0
DA:211,0
DA:212,0
DA:214,0
FN:223,HoprStake.sync
FNDA:0,HoprStake.sync
DA:224,0
FN:232,HoprStake.claimRewards
FNDA:0,HoprStake.claimRewards
DA:233,0
DA:234,0
FN:241,HoprStake.unlock
FNDA:0,HoprStake.unlock
DA:242,0
BRDA:242,13,0,-
BRDA:242,13,1,-
DA:243,0
DA:244,0
DA:245,0
DA:246,0
DA:247,0
DA:248,0
DA:249,0
DA:251,0
DA:253,0
DA:254,0
DA:256,0
FN:263,HoprStake.reclaimErc20Tokens
FNDA:0,HoprStake.reclaimErc20Tokens
DA:264,0
DA:265,0
BRDA:265,14,0,-
BRDA:265,14,1,-
DA:266,0
DA:268,0
DA:270,0
FN:277,HoprStake.reclaimErc721Tokens
FNDA:0,HoprStake.reclaimErc721Tokens
DA:278,0
FN:285,HoprStake.getCumulatedRewardsIncrement
FNDA:0,HoprStake.getCumulatedRewardsIncrement
DA:286,0
FN:295,HoprStake._getCumulatedRewardsIncrement
FNDA:0,HoprStake._getCumulatedRewardsIncrement
DA:296,0
DA:297,0
BRDA:297,15,0,-
BRDA:297,15,1,-
DA:299,0
DA:302,0
DA:305,0
DA:306,0
DA:307,0
DA:308,0
DA:311,0
FN:326,HoprStake._sync
FNDA:0,HoprStake._sync
DA:327,0
DA:328,0
DA:329,0
DA:330,0
FN:337,HoprStake._claim
FNDA:0,HoprStake._claim
DA:338,0
DA:340,0
DA:341,0
BRDA:341,16,0,-
BRDA:341,16,1,-
DA:342,0
DA:343,0
BRDA:343,17,0,-
BRDA:343,17,1,-
DA:344,0
DA:346,0
DA:347,0
FNF:13
FNH:0
LF:85
LH:0
BRF:36
BRH:0
end_of_record
TN:
SF:src/stake/HoprStake2.sol
FN:94,HoprStake2.isNftTypeAndRankRedeemed1
FNDA:0,HoprStake2.isNftTypeAndRankRedeemed1
DA:99,0
DA:102,0
DA:103,0
DA:104,0
DA:105,0
BRDA:105,0,0,-
BRDA:105,0,1,-
DA:106,0
DA:109,0
FN:118,HoprStake2.isNftTypeAndRankRedeemed2
FNDA:0,HoprStake2.isNftTypeAndRankRedeemed2
DA:124,0
DA:125,0
DA:126,0
DA:127,0
BRDA:127,1,0,-
BRDA:127,1,1,-
DA:128,0
DA:131,0
FN:140,HoprStake2.isNftTypeAndRankRedeemed3
FNDA:0,HoprStake2.isNftTypeAndRankRedeemed3
DA:145,0
DA:146,0
DA:147,0
DA:148,0
BRDA:148,2,0,-
BRDA:148,2,1,-
DA:149,0
DA:152,0
FN:161,HoprStake2.isNftTypeAndRankRedeemed4
FNDA:0,HoprStake2.isNftTypeAndRankRedeemed4
DA:166,0
DA:167,0
DA:168,0
DA:170,0
BRDA:169,3,0,-
BRDA:169,3,1,-
DA:173,0
DA:176,0
FN:187,HoprStake2.onTokenTransfer
FNDA:0,HoprStake2.onTokenTransfer
DA:193,0
BRDA:193,4,0,-
BRDA:193,4,1,-
DA:194,0
BRDA:194,5,0,-
BRDA:194,5,1,-
DA:196,0
DA:197,0
DA:198,0
DA:199,0
DA:201,0
FN:213,HoprStake2.tokensReceived
FNDA:0,HoprStake2.tokensReceived
DA:224,0
BRDA:224,6,0,-
BRDA:224,6,1,-
DA:225,0
BRDA:225,7,0,-
BRDA:225,7,1,-
DA:226,0
BRDA:226,8,0,-
BRDA:226,8,1,-
DA:227,0
DA:228,0
FN:240,HoprStake2.onERC721Received
FNDA:0,HoprStake2.onERC721Received
DA:248,0
BRDA:248,9,0,-
BRDA:248,9,1,-
DA:249,0
BRDA:249,10,0,-
BRDA:249,10,1,-
DA:251,0
DA:254,0
DA:255,0
DA:258,0
DA:259,0
DA:261,0
DA:262,0
DA:263,0
DA:265,0
DA:266,0
DA:268,0
BRDA:268,11,0,-
BRDA:268,11,1,-
DA:269,0
BRDA:269,12,0,-
BRDA:269,12,1,-
DA:270,0
DA:272,0
DA:273,0
DA:276,0
BRDA:276,13,0,-
BRDA:276,13,1,-
DA:278,0
DA:279,0
DA:280,0
DA:283,0
FN:291,HoprStake2.sync
FNDA:0,HoprStake2.sync
DA:292,0
FN:300,HoprStake2.claimRewards
FNDA:0,HoprStake2.claimRewards
DA:301,0
DA:302,0
FN:308,HoprStake2.unlock
FNDA:0,HoprStake2.unlock
DA:309,0
FN:316,HoprStake2.unlockFor
FNDA:0,HoprStake2.unlockFor
DA:317,0
FN:324,HoprStake2.reclaimErc20Tokens
FNDA:0,HoprStake2.reclaimErc20Tokens
DA:325,0
DA:326,0
BRDA:326,14,0,-
BRDA:326,14,1,-
DA:327,0
DA:329,0
DA:331,0
FN:338,HoprStake2.reclaimErc721Tokens
FNDA:0,HoprStake2.reclaimErc721Tokens
DA:339,0
BRDA:339,15,0,-
BRDA:339,15,1,-
DA:340,0
FN:347,HoprStake2.stakedHoprTokens
FNDA:0,HoprStake2.stakedHoprTokens
DA:348,0
FN:355,HoprStake2.getCumulatedRewardsIncrement
FNDA:0,HoprStake2.getCumulatedRewardsIncrement
DA:356,0
FN:364,HoprStake2._getCumulatedRewardsIncrement
FNDA:0,HoprStake2._getCumulatedRewardsIncrement
DA:365,0
DA:366,0
BRDA:366,16,0,-
BRDA:366,16,1,-
DA:368,0
DA:371,0
DA:374,0
DA:375,0
DA:376,0
DA:377,0
DA:380,0
FN:391,HoprStake2._hasSubstring
FNDA:0,HoprStake2._hasSubstring
DA:393,0
DA:394,0
DA:399,0
DA:400,0
DA:402,0
DA:404,0
BRDA:404,17,0,-
BRDA:404,17,1,-
DA:406,0
DA:411,0
DA:413,0
DA:414,0
DA:415,0
DA:417,0
DA:423,0
DA:426,0
DA:428,0
DA:430,0
FN:437,HoprStake2._sync
FNDA:0,HoprStake2._sync
DA:438,0
DA:439,0
DA:440,0
DA:441,0
FN:448,HoprStake2._claim
FNDA:0,HoprStake2._claim
DA:449,0
DA:451,0
DA:452,0
BRDA:452,18,0,-
BRDA:452,18,1,-
DA:453,0
DA:454,0
BRDA:454,19,0,-
BRDA:454,19,1,-
DA:455,0
DA:457,0
DA:458,0
FN:465,HoprStake2._unlockFor
FNDA:0,HoprStake2._unlockFor
DA:466,0
BRDA:466,20,0,-
BRDA:466,20,1,-
DA:467,0
DA:468,0
DA:469,0
DA:470,0
DA:471,0
DA:473,0
DA:475,0
DA:476,0
DA:478,0
FNF:20
FNH:0
LF:120
LH:0
BRF:42
BRH:0
end_of_record
TN:
SF:src/stake/HoprStakeBase.sol
FN:111,HoprStakeBase.isNftTypeAndRankRedeemed1
FNDA:5,HoprStakeBase.isNftTypeAndRankRedeemed1
DA:116,5
DA:119,5
DA:120,4
DA:121,4
DA:122,4
BRDA:122,0,0,2
BRDA:122,0,1,2
DA:123,2
DA:126,3
FN:135,HoprStakeBase.isNftTypeAndRankRedeemed2
FNDA:5,HoprStakeBase.isNftTypeAndRankRedeemed2
DA:141,5
DA:142,4
DA:143,4
DA:144,4
BRDA:144,1,0,2
BRDA:144,1,1,2
DA:145,2
DA:148,3
FN:157,HoprStakeBase.isNftTypeAndRankRedeemed3
FNDA:5,HoprStakeBase.isNftTypeAndRankRedeemed3
DA:162,5
DA:163,4
DA:164,4
DA:165,4
BRDA:165,2,0,2
BRDA:165,2,1,2
DA:166,2
DA:169,3
FN:178,HoprStakeBase.isNftTypeAndRankRedeemed4
FNDA:5,HoprStakeBase.isNftTypeAndRankRedeemed4
DA:183,5
DA:184,4
DA:185,4
DA:187,4
BRDA:186,3,0,2
BRDA:186,3,1,2
DA:190,2
DA:193,3
FN:200,HoprStakeBase.ownerBlockNftType
FNDA:768,HoprStakeBase.ownerBlockNftType
DA:201,768
BRDA:201,4,0,256
BRDA:201,4,1,512
DA:202,512
FN:209,HoprStakeBase.ownerUnblockNftType
FNDA:512,HoprStakeBase.ownerUnblockNftType
DA:210,512
BRDA:210,5,0,256
BRDA:210,5,1,256
DA:211,256
DA:212,256
FN:223,HoprStakeBase.onTokenTransfer
FNDA:1543,HoprStakeBase.onTokenTransfer
DA:229,1543
BRDA:229,6,0,256
BRDA:229,6,1,1287
DA:230,1287
BRDA:230,7,0,1
BRDA:230,7,1,1286
DA:232,1286
DA:233,1286
DA:234,1286
DA:235,1286
DA:237,1286
FN:249,HoprStakeBase.tokensReceived
FNDA:1024,HoprStakeBase.tokensReceived
DA:260,1024
BRDA:260,8,0,256
BRDA:260,8,1,768
DA:261,768
BRDA:261,9,0,256
BRDA:261,9,1,512
DA:262,512
BRDA:262,10,0,256
BRDA:262,10,1,256
DA:263,256
DA:264,256
FN:276,HoprStakeBase.onERC721Received
FNDA:3853,HoprStakeBase.onERC721Received
DA:284,3853
BRDA:284,11,0,256
BRDA:284,11,1,3597
DA:285,3597
BRDA:285,12,0,1
BRDA:285,12,1,3596
DA:287,3596
DA:290,3596
DA:291,3596
DA:294,3596
DA:295,3596
DA:296,3596
BRDA:296,13,0,256
BRDA:296,13,1,3340
DA:298,3340
DA:299,3340
DA:300,3504
DA:302,512
DA:303,512
DA:304,512
DA:306,512
BRDA:306,14,0,256
BRDA:306,14,1,348
DA:307,348
BRDA:307,15,0,256
BRDA:307,15,1,348
DA:308,256
DA:310,348
DA:311,348
DA:314,3340
BRDA:314,16,0,2992
BRDA:314,16,1,3340
DA:316,2992
DA:317,2992
DA:318,2992
DA:321,3340
FN:329,HoprStakeBase.sync
FNDA:257,HoprStakeBase.sync
DA:330,257
FN:338,HoprStakeBase.claimRewards
FNDA:768,HoprStakeBase.claimRewards
DA:339,768
DA:340,768
FN:346,HoprStakeBase.unlock
FNDA:1,HoprStakeBase.unlock
DA:347,1
FN:354,HoprStakeBase.unlockFor
FNDA:513,HoprStakeBase.unlockFor
DA:355,513
FN:362,HoprStakeBase.reclaimErc20Tokens
FNDA:512,HoprStakeBase.reclaimErc20Tokens
DA:363,512
DA:364,512
BRDA:364,17,0,-
BRDA:364,17,1,256
DA:365,256
DA:367,256
DA:369,512
FN:376,HoprStakeBase.reclaimErc721Tokens
FNDA:512,HoprStakeBase.reclaimErc721Tokens
DA:377,512
BRDA:377,18,0,256
BRDA:377,18,1,256
DA:378,256
FN:385,HoprStakeBase.stakedHoprTokens
FNDA:256,HoprStakeBase.stakedHoprTokens
DA:386,256
FN:393,HoprStakeBase.getCumulatedRewardsIncrement
FNDA:768,HoprStakeBase.getCumulatedRewardsIncrement
DA:394,768
FN:402,HoprStakeBase._getCumulatedRewardsIncrement
FNDA:7188,HoprStakeBase._getCumulatedRewardsIncrement
DA:403,7188
DA:404,7188
BRDA:404,19,0,5559
BRDA:404,19,1,1629
DA:406,5559
DA:409,1629
DA:412,1629
DA:413,1373
DA:414,1373
DA:415,1373
DA:418,1629
FN:429,HoprStakeBase._hasSubstring
FNDA:7,HoprStakeBase._hasSubstring
DA:431,7
DA:432,7
DA:437,7
DA:438,7
DA:440,7
DA:442,7
BRDA:442,20,0,3
BRDA:442,20,1,4
DA:444,3
DA:449,4
DA:451,4
DA:452,4
DA:453,4
DA:455,4
DA:461,4
DA:464,4
DA:466,4
DA:468,4
FN:475,HoprStakeBase._sync
FNDA:6420,HoprStakeBase._sync
DA:476,6420
DA:477,6420
DA:478,6420
DA:479,6420
FN:486,HoprStakeBase._claim
FNDA:1281,HoprStakeBase._claim
DA:487,1281
DA:489,1281
DA:490,1281
BRDA:490,21,0,256
BRDA:490,21,1,507
DA:491,763
DA:492,763
BRDA:492,22,0,256
BRDA:492,22,1,507
DA:493,507
DA:495,507
DA:496,507
FN:504,HoprStakeBase._unlockFor
FNDA:514,HoprStakeBase._unlockFor
DA:505,514
BRDA:505,23,0,1
BRDA:505,23,1,513
DA:506,513
DA:507,513
DA:508,513
DA:509,513
DA:510,513
DA:512,513
DA:514,513
DA:515,257
DA:517,513
FN:524,HoprStakeBase._ownerBlockNftType
FNDA:512,HoprStakeBase._ownerBlockNftType
DA:525,512
DA:526,512
FNF:23
FNH:23
LF:129
LH:129
BRF:48
BRH:47
end_of_record
TN:
SF:src/stake/HoprStakeSeason3.sol
FN:100,HoprStakeSeason3.isNftTypeAndRankRedeemed1
FNDA:0,HoprStakeSeason3.isNftTypeAndRankRedeemed1
DA:105,0
DA:108,0
DA:109,0
DA:110,0
DA:111,0
BRDA:111,0,0,-
BRDA:111,0,1,-
DA:112,0
DA:115,0
FN:124,HoprStakeSeason3.isNftTypeAndRankRedeemed2
FNDA:0,HoprStakeSeason3.isNftTypeAndRankRedeemed2
DA:130,0
DA:131,0
DA:132,0
DA:133,0
BRDA:133,1,0,-
BRDA:133,1,1,-
DA:134,0
DA:137,0
FN:146,HoprStakeSeason3.isNftTypeAndRankRedeemed3
FNDA:0,HoprStakeSeason3.isNftTypeAndRankRedeemed3
DA:151,0
DA:152,0
DA:153,0
DA:154,0
BRDA:154,2,0,-
BRDA:154,2,1,-
DA:155,0
DA:158,0
FN:167,HoprStakeSeason3.isNftTypeAndRankRedeemed4
FNDA:0,HoprStakeSeason3.isNftTypeAndRankRedeemed4
DA:172,0
DA:173,0
DA:174,0
DA:176,0
BRDA:175,3,0,-
BRDA:175,3,1,-
DA:179,0
DA:182,0
FN:189,HoprStakeSeason3.ownerBlockNftType
FNDA:0,HoprStakeSeason3.ownerBlockNftType
DA:190,0
BRDA:190,4,0,-
BRDA:190,4,1,-
DA:191,0
FN:198,HoprStakeSeason3.ownerUnblockNftType
FNDA:0,HoprStakeSeason3.ownerUnblockNftType
DA:199,0
BRDA:199,5,0,-
BRDA:199,5,1,-
DA:200,0
DA:201,0
FN:212,HoprStakeSeason3.onTokenTransfer
FNDA:0,HoprStakeSeason3.onTokenTransfer
DA:218,0
BRDA:218,6,0,-
BRDA:218,6,1,-
DA:219,0
BRDA:219,7,0,-
BRDA:219,7,1,-
DA:221,0
DA:222,0
DA:223,0
DA:224,0
DA:226,0
FN:238,HoprStakeSeason3.tokensReceived
FNDA:0,HoprStakeSeason3.tokensReceived
DA:249,0
BRDA:249,8,0,-
BRDA:249,8,1,-
DA:250,0
BRDA:250,9,0,-
BRDA:250,9,1,-
DA:251,0
BRDA:251,10,0,-
BRDA:251,10,1,-
DA:252,0
DA:253,0
FN:265,HoprStakeSeason3.onERC721Received
FNDA:0,HoprStakeSeason3.onERC721Received
DA:273,0
BRDA:273,11,0,-
BRDA:273,11,1,-
DA:274,0
BRDA:274,12,0,-
BRDA:274,12,1,-
DA:276,0
DA:279,0
DA:280,0
DA:283,0
DA:284,0
DA:285,0
BRDA:285,13,0,-
BRDA:285,13,1,-
DA:287,0
DA:288,0
DA:289,0
DA:291,0
DA:292,0
DA:293,0
DA:295,0
BRDA:295,14,0,-
BRDA:295,14,1,-
DA:296,0
BRDA:296,15,0,-
BRDA:296,15,1,-
DA:297,0
DA:299,0
DA:300,0
DA:303,0
BRDA:303,16,0,-
BRDA:303,16,1,-
DA:305,0
DA:306,0
DA:307,0
DA:310,0
FN:318,HoprStakeSeason3.sync
FNDA:0,HoprStakeSeason3.sync
DA:319,0
FN:327,HoprStakeSeason3.claimRewards
FNDA:0,HoprStakeSeason3.claimRewards
DA:328,0
DA:329,0
FN:335,HoprStakeSeason3.unlock
FNDA:0,HoprStakeSeason3.unlock
DA:336,0
FN:343,HoprStakeSeason3.unlockFor
FNDA:0,HoprStakeSeason3.unlockFor
DA:344,0
FN:351,HoprStakeSeason3.reclaimErc20Tokens
FNDA:0,HoprStakeSeason3.reclaimErc20Tokens
DA:352,0
DA:353,0
BRDA:353,17,0,-
BRDA:353,17,1,-
DA:354,0
DA:356,0
DA:358,0
FN:365,HoprStakeSeason3.reclaimErc721Tokens
FNDA:0,HoprStakeSeason3.reclaimErc721Tokens
DA:366,0
BRDA:366,18,0,-
BRDA:366,18,1,-
DA:367,0
FN:374,HoprStakeSeason3.stakedHoprTokens
FNDA:0,HoprStakeSeason3.stakedHoprTokens
DA:375,0
FN:382,HoprStakeSeason3.getCumulatedRewardsIncrement
FNDA:0,HoprStakeSeason3.getCumulatedRewardsIncrement
DA:383,0
FN:391,HoprStakeSeason3._getCumulatedRewardsIncrement
FNDA:0,HoprStakeSeason3._getCumulatedRewardsIncrement
DA:392,0
DA:393,0
BRDA:393,19,0,-
BRDA:393,19,1,-
DA:395,0
DA:398,0
DA:401,0
DA:402,0
DA:403,0
DA:404,0
DA:407,0
FN:418,HoprStakeSeason3._hasSubstring
FNDA:0,HoprStakeSeason3._hasSubstring
DA:420,0
DA:421,0
DA:426,0
DA:427,0
DA:429,0
DA:431,0
BRDA:431,20,0,-
BRDA:431,20,1,-
DA:433,0
DA:438,0
DA:440,0
DA:441,0
DA:442,0
DA:444,0
DA:450,0
DA:453,0
DA:455,0
DA:457,0
FN:464,HoprStakeSeason3._sync
FNDA:0,HoprStakeSeason3._sync
DA:465,0
DA:466,0
DA:467,0
DA:468,0
FN:475,HoprStakeSeason3._claim
FNDA:0,HoprStakeSeason3._claim
DA:476,0
DA:478,0
DA:479,0
BRDA:479,21,0,-
BRDA:479,21,1,-
DA:480,0
DA:481,0
BRDA:481,22,0,-
BRDA:481,22,1,-
DA:482,0
DA:484,0
DA:485,0
FN:493,HoprStakeSeason3._unlockFor
FNDA:0,HoprStakeSeason3._unlockFor
DA:494,0
BRDA:494,23,0,-
BRDA:494,23,1,-
DA:495,0
DA:496,0
DA:497,0
DA:498,0
DA:499,0
DA:501,0
DA:503,0
DA:504,0
DA:506,0
FN:513,HoprStakeSeason3._ownerBlockNftType
FNDA:0,HoprStakeSeason3._ownerBlockNftType
DA:514,0
DA:515,0
FNF:23
FNH:0
LF:129
LH:0
BRF:48
BRH:0
end_of_record
TN:
SF:src/stake/HoprStakeSeason4.sol
FN:106,HoprStakeSeason4.isNftTypeAndRankRedeemed1
FNDA:0,HoprStakeSeason4.isNftTypeAndRankRedeemed1
DA:111,0
DA:114,0
DA:115,0
DA:116,0
DA:117,0
BRDA:117,0,0,-
BRDA:117,0,1,-
DA:118,0
DA:121,0
FN:130,HoprStakeSeason4.isNftTypeAndRankRedeemed2
FNDA:0,HoprStakeSeason4.isNftTypeAndRankRedeemed2
DA:136,0
DA:137,0
DA:138,0
DA:139,0
BRDA:139,1,0,-
BRDA:139,1,1,-
DA:140,0
DA:143,0
FN:152,HoprStakeSeason4.isNftTypeAndRankRedeemed3
FNDA:0,HoprStakeSeason4.isNftTypeAndRankRedeemed3
DA:157,0
DA:158,0
DA:159,0
DA:160,0
BRDA:160,2,0,-
BRDA:160,2,1,-
DA:161,0
DA:164,0
FN:173,HoprStakeSeason4.isNftTypeAndRankRedeemed4
FNDA:0,HoprStakeSeason4.isNftTypeAndRankRedeemed4
DA:178,0
DA:179,0
DA:180,0
DA:182,0
BRDA:181,3,0,-
BRDA:181,3,1,-
DA:185,0
DA:188,0
FN:195,HoprStakeSeason4.ownerBlockNftType
FNDA:0,HoprStakeSeason4.ownerBlockNftType
DA:196,0
BRDA:196,4,0,-
BRDA:196,4,1,-
DA:197,0
FN:204,HoprStakeSeason4.ownerUnblockNftType
FNDA:0,HoprStakeSeason4.ownerUnblockNftType
DA:205,0
BRDA:205,5,0,-
BRDA:205,5,1,-
DA:206,0
DA:207,0
FN:218,HoprStakeSeason4.onTokenTransfer
FNDA:0,HoprStakeSeason4.onTokenTransfer
DA:224,0
BRDA:224,6,0,-
BRDA:224,6,1,-
DA:225,0
BRDA:225,7,0,-
BRDA:225,7,1,-
DA:227,0
DA:228,0
DA:229,0
DA:230,0
DA:232,0
FN:244,HoprStakeSeason4.tokensReceived
FNDA:0,HoprStakeSeason4.tokensReceived
DA:255,0
BRDA:255,8,0,-
BRDA:255,8,1,-
DA:256,0
BRDA:256,9,0,-
BRDA:256,9,1,-
DA:257,0
BRDA:257,10,0,-
BRDA:257,10,1,-
DA:258,0
DA:259,0
FN:271,HoprStakeSeason4.onERC721Received
FNDA:0,HoprStakeSeason4.onERC721Received
DA:279,0
BRDA:279,11,0,-
BRDA:279,11,1,-
DA:280,0
BRDA:280,12,0,-
BRDA:280,12,1,-
DA:282,0
DA:285,0
DA:286,0
DA:289,0
DA:290,0
DA:291,0
BRDA:291,13,0,-
BRDA:291,13,1,-
DA:293,0
DA:294,0
DA:295,0
DA:297,0
DA:298,0
DA:299,0
DA:301,0
BRDA:301,14,0,-
BRDA:301,14,1,-
DA:302,0
BRDA:302,15,0,-
BRDA:302,15,1,-
DA:303,0
DA:305,0
DA:306,0
DA:309,0
BRDA:309,16,0,-
BRDA:309,16,1,-
DA:311,0
DA:312,0
DA:313,0
DA:316,0
FN:324,HoprStakeSeason4.sync
FNDA:0,HoprStakeSeason4.sync
DA:325,0
FN:333,HoprStakeSeason4.claimRewards
FNDA:0,HoprStakeSeason4.claimRewards
DA:334,0
DA:335,0
FN:341,HoprStakeSeason4.unlock
FNDA:0,HoprStakeSeason4.unlock
DA:342,0
FN:349,HoprStakeSeason4.unlockFor
FNDA:0,HoprStakeSeason4.unlockFor
DA:350,0
FN:357,HoprStakeSeason4.reclaimErc20Tokens
FNDA:0,HoprStakeSeason4.reclaimErc20Tokens
DA:358,0
DA:359,0
BRDA:359,17,0,-
BRDA:359,17,1,-
DA:360,0
DA:362,0
DA:364,0
FN:371,HoprStakeSeason4.reclaimErc721Tokens
FNDA:0,HoprStakeSeason4.reclaimErc721Tokens
DA:372,0
BRDA:372,18,0,-
BRDA:372,18,1,-
DA:373,0
FN:380,HoprStakeSeason4.stakedHoprTokens
FNDA:0,HoprStakeSeason4.stakedHoprTokens
DA:381,0
FN:388,HoprStakeSeason4.getCumulatedRewardsIncrement
FNDA:0,HoprStakeSeason4.getCumulatedRewardsIncrement
DA:389,0
FN:397,HoprStakeSeason4._getCumulatedRewardsIncrement
FNDA:0,HoprStakeSeason4._getCumulatedRewardsIncrement
DA:398,0
DA:399,0
BRDA:399,19,0,-
BRDA:399,19,1,-
DA:401,0
DA:404,0
DA:407,0
DA:408,0
DA:409,0
DA:410,0
DA:413,0
FN:424,HoprStakeSeason4._hasSubstring
FNDA:0,HoprStakeSeason4._hasSubstring
DA:426,0
DA:427,0
DA:432,0
DA:433,0
DA:435,0
DA:437,0
BRDA:437,20,0,-
BRDA:437,20,1,-
DA:439,0
DA:444,0
DA:446,0
DA:447,0
DA:448,0
DA:450,0
DA:456,0
DA:459,0
DA:461,0
DA:463,0
FN:470,HoprStakeSeason4._sync
FNDA:0,HoprStakeSeason4._sync
DA:471,0
DA:472,0
DA:473,0
DA:474,0
FN:481,HoprStakeSeason4._claim
FNDA:0,HoprStakeSeason4._claim
DA:482,0
DA:484,0
DA:485,0
BRDA:485,21,0,-
BRDA:485,21,1,-
DA:486,0
DA:487,0
BRDA:487,22,0,-
BRDA:487,22,1,-
DA:488,0
DA:490,0
DA:491,0
FN:499,HoprStakeSeason4._unlockFor
FNDA:0,HoprStakeSeason4._unlockFor
DA:500,0
BRDA:500,23,0,-
BRDA:500,23,1,-
DA:501,0
DA:502,0
DA:503,0
DA:504,0
DA:505,0
DA:507,0
DA:509,0
DA:510,0
DA:512,0
FN:519,HoprStakeSeason4._ownerBlockNftType
FNDA:0,HoprStakeSeason4._ownerBlockNftType
DA:520,0
DA:521,0
FNF:23
FNH:0
LF:129
LH:0
BRF:48
BRH:0
end_of_record
TN:
SF:src/stake/HoprWhitehat.sol
FN:121,HoprWhitehat.canImplementInterfaceForAddress
FNDA:0,HoprWhitehat.canImplementInterfaceForAddress
DA:128,0
FN:132,HoprWhitehat.gimmeToken
FNDA:0,HoprWhitehat.gimmeToken
DA:133,0
BRDA:133,0,0,-
BRDA:133,0,1,-
DA:135,0
BRDA:135,1,0,-
BRDA:135,1,1,-
DA:137,0
BRDA:137,2,0,-
BRDA:137,2,1,-
DA:143,0
DA:145,0
DA:148,0
DA:154,0
DA:155,0
DA:156,0
DA:159,0
DA:161,0
FN:165,HoprWhitehat.gimmeTokenFor
FNDA:0,HoprWhitehat.gimmeTokenFor
DA:167,0
BRDA:167,3,0,-
BRDA:167,3,1,-
DA:169,0
BRDA:169,4,0,-
BRDA:169,4,1,-
DA:174,0
DA:176,0
DA:178,0
DA:184,0
DA:185,0
DA:186,0
DA:188,0
DA:190,0
FN:194,HoprWhitehat.tokensReceived
FNDA:0,HoprWhitehat.tokensReceived
DA:202,0
BRDA:202,5,0,-
BRDA:202,5,1,-
DA:203,0
BRDA:203,6,0,-
BRDA:203,6,1,-
DA:204,0
BRDA:204,7,0,-
BRDA:204,7,1,-
DA:205,0
BRDA:205,8,0,-
BRDA:205,8,1,-
DA:206,0
DA:208,0
BRDA:208,9,0,-
BRDA:208,9,1,-
DA:209,0
DA:212,0
FN:221,HoprWhitehat.onTokenTransfer
FNDA:0,HoprWhitehat.onTokenTransfer
DA:226,0
BRDA:226,10,0,-
BRDA:226,10,1,-
DA:227,0
DA:229,0
DA:230,0
FN:236,HoprWhitehat.onERC721Received
FNDA:0,HoprWhitehat.onERC721Received
DA:244,0
FN:250,HoprWhitehat.transferBackOwnership
FNDA:0,HoprWhitehat.transferBackOwnership
DA:251,0
FN:258,HoprWhitehat.ownerRescueBoosterNft
FNDA:0,HoprWhitehat.ownerRescueBoosterNft
DA:259,0
DA:261,0
DA:263,0
FN:270,HoprWhitehat.ownerRescueBoosterNftInBatch
FNDA:0,HoprWhitehat.ownerRescueBoosterNftInBatch
DA:271,0
DA:272,0
DA:273,0
DA:274,0
DA:276,0
DA:278,0
FN:286,HoprWhitehat.reclaimErc20Tokens
FNDA:0,HoprWhitehat.reclaimErc20Tokens
DA:287,0
DA:288,0
FN:296,HoprWhitehat.reclaimErc721Tokens
FNDA:0,HoprWhitehat.reclaimErc721Tokens
DA:297,0
FN:303,HoprWhitehat.activate
FNDA:0,HoprWhitehat.activate
DA:304,0
BRDA:304,11,0,-
BRDA:304,11,1,-
DA:305,0
FN:311,HoprWhitehat.deactivate
FNDA:0,HoprWhitehat.deactivate
DA:312,0
BRDA:312,12,0,-
BRDA:312,12,1,-
DA:313,0
FNF:13
FNH:0
LF:52
LH:0
BRF:26
BRH:0
end_of_record
TN:
SF:src/utils/EnumerableStringSet.sol
FN:29,EnumerableStringSet.add
FNDA:0,EnumerableStringSet.add
DA:30,0
BRDA:30,0,0,-
BRDA:30,0,1,-
DA:31,0
DA:34,0
DA:35,0
DA:36,0
DA:38,0
FN:45,EnumerableStringSet.contains
FNDA:0,EnumerableStringSet.contains
DA:46,0
FN:52,EnumerableStringSet.at
FNDA:0,EnumerableStringSet.at
DA:53,0
FN:59,EnumerableStringSet.indexOf
FNDA:0,EnumerableStringSet.indexOf
DA:60,0
FNF:4
FNH:0
LF:9
LH:0
BRF:2
BRH:0
end_of_record
TN:
SF:src/utils/console.sol
FN:9,console._sendLogPayload
FNDA:0,console._sendLogPayload
DA:10,0
DA:11,0
FN:18,console.log
FNDA:0,console.log
DA:19,0
FN:22,console.logInt
FNDA:0,console.logInt
DA:23,0
FN:26,console.logUint
FNDA:0,console.logUint
DA:27,0
FN:30,console.logString
FNDA:0,console.logString
DA:31,0
FN:34,console.logBool
FNDA:0,console.logBool
DA:35,0
FN:38,console.logAddress
FNDA:0,console.logAddress
DA:39,0
FN:42,console.logBytes
FNDA:0,console.logBytes
DA:43,0
FN:46,console.logBytes1
FNDA:0,console.logBytes1
DA:47,0
FN:50,console.logBytes2
FNDA:0,console.logBytes2
DA:51,0
FN:54,console.logBytes3
FNDA:0,console.logBytes3
DA:55,0
FN:58,console.logBytes4
FNDA:0,console.logBytes4
DA:59,0
FN:62,console.logBytes5
FNDA:0,console.logBytes5
DA:63,0
FN:66,console.logBytes6
FNDA:0,console.logBytes6
DA:67,0
FN:70,console.logBytes7
FNDA:0,console.logBytes7
DA:71,0
FN:74,console.logBytes8
FNDA:0,console.logBytes8
DA:75,0
FN:78,console.logBytes9
FNDA:0,console.logBytes9
DA:79,0
FN:82,console.logBytes10
FNDA:0,console.logBytes10
DA:83,0
FN:86,console.logBytes11
FNDA:0,console.logBytes11
DA:87,0
FN:90,console.logBytes12
FNDA:0,console.logBytes12
DA:91,0
FN:94,console.logBytes13
FNDA:0,console.logBytes13
DA:95,0
FN:98,console.logBytes14
FNDA:0,console.logBytes14
DA:99,0
FN:102,console.logBytes15
FNDA:0,console.logBytes15
DA:103,0
FN:106,console.logBytes16
FNDA:0,console.logBytes16
DA:107,0
FN:110,console.logBytes17
FNDA:0,console.logBytes17
DA:111,0
FN:114,console.logBytes18
FNDA:0,console.logBytes18
DA:115,0
FN:118,console.logBytes19
FNDA:0,console.logBytes19
DA:119,0
FN:122,console.logBytes20
FNDA:0,console.logBytes20
DA:123,0
FN:126,console.logBytes21
FNDA:0,console.logBytes21
DA:127,0
FN:130,console.logBytes22
FNDA:0,console.logBytes22
DA:131,0
FN:134,console.logBytes23
FNDA:0,console.logBytes23
DA:135,0
FN:138,console.logBytes24
FNDA:0,console.logBytes24
DA:139,0
FN:142,console.logBytes25
FNDA:0,console.logBytes25
DA:143,0
FN:146,console.logBytes26
FNDA:0,console.logBytes26
DA:147,0
FN:150,console.logBytes27
FNDA:0,console.logBytes27
DA:151,0
FN:154,console.logBytes28
FNDA:0,console.logBytes28
DA:155,0
FN:158,console.logBytes29
FNDA:0,console.logBytes29
DA:159,0
FN:162,console.logBytes30
FNDA:0,console.logBytes30
DA:163,0
FN:166,console.logBytes31
FNDA:0,console.logBytes31
DA:167,0
FN:170,console.logBytes32
FNDA:0,console.logBytes32
DA:171,0
FN:174,console.log
FNDA:0,console.log
DA:175,0
FN:178,console.log
FNDA:0,console.log
DA:179,0
FN:182,console.log
FNDA:0,console.log
DA:183,0
FN:186,console.log
FNDA:0,console.log
DA:187,0
FN:190,console.log
FNDA:0,console.log
DA:191,0
FN:194,console.log
FNDA:0,console.log
DA:195,0
FN:198,console.log
FNDA:0,console.log
DA:199,0
FN:202,console.log
FNDA:0,console.log
DA:203,0
FN:206,console.log
FNDA:0,console.log
DA:207,0
FN:210,console.log
FNDA:0,console.log
DA:211,0
FN:214,console.log
FNDA:0,console.log
DA:215,0
FN:218,console.log
FNDA:0,console.log
DA:219,0
FN:222,console.log
FNDA:0,console.log
DA:223,0
FN:226,console.log
FNDA:0,console.log
DA:227,0
FN:230,console.log
FNDA:0,console.log
DA:231,0
FN:234,console.log
FNDA:0,console.log
DA:235,0
FN:238,console.log
FNDA:0,console.log
DA:239,0
FN:242,console.log
FNDA:0,console.log
DA:243,0
FN:246,console.log
FNDA:0,console.log
DA:247,0
FN:250,console.log
FNDA:0,console.log
DA:251,0
FN:254,console.log
FNDA:0,console.log
DA:255,0
FN:258,console.log
FNDA:0,console.log
DA:259,0
FN:262,console.log
FNDA:0,console.log
DA:263,0
FN:266,console.log
FNDA:0,console.log
DA:267,0
FN:270,console.log
FNDA:0,console.log
DA:271,0
FN:274,console.log
FNDA:0,console.log
DA:275,0
FN:278,console.log
FNDA:0,console.log
DA:279,0
FN:282,console.log
FNDA:0,console.log
DA:283,0
FN:286,console.log
FNDA:0,console.log
DA:287,0
FN:290,console.log
FNDA:0,console.log
DA:291,0
FN:294,console.log
FNDA:0,console.log
DA:295,0
FN:298,console.log
FNDA:0,console.log
DA:299,0
FN:302,console.log
FNDA:0,console.log
DA:303,0
FN:306,console.log
FNDA:0,console.log
DA:307,0
FN:310,console.log
FNDA:0,console.log
DA:311,0
FN:314,console.log
FNDA:0,console.log
DA:315,0
FN:318,console.log
FNDA:0,console.log
DA:319,0
FN:322,console.log
FNDA:0,console.log
DA:323,0
FN:326,console.log
FNDA:0,console.log
DA:327,0
FN:330,console.log
FNDA:0,console.log
DA:331,0
FN:334,console.log
FNDA:0,console.log
DA:335,0
FN:338,console.log
FNDA:0,console.log
DA:339,0
FN:342,console.log
FNDA:0,console.log
DA:343,0
FN:346,console.log
FNDA:0,console.log
DA:347,0
FN:350,console.log
FNDA:0,console.log
DA:351,0
FN:354,console.log
FNDA:0,console.log
DA:355,0
FN:358,console.log
FNDA:0,console.log
DA:359,0
FN:362,console.log
FNDA:0,console.log
DA:363,0
FN:366,console.log
FNDA:0,console.log
DA:367,0
FN:370,console.log
FNDA:0,console.log
DA:371,0
FN:374,console.log
FNDA:0,console.log
DA:375,0
FN:378,console.log
FNDA:0,console.log
DA:379,0
FN:382,console.log
FNDA:0,console.log
DA:383,0
FN:386,console.log
FNDA:0,console.log
DA:387,0
FN:390,console.log
FNDA:0,console.log
DA:391,0
FN:394,console.log
FNDA:0,console.log
DA:395,0
FN:398,console.log
FNDA:0,console.log
DA:399,0
FN:402,console.log
FNDA:0,console.log
DA:403,0
FN:406,console.log
FNDA:0,console.log
DA:407,0
FN:410,console.log
FNDA:0,console.log
DA:411,0
FN:414,console.log
FNDA:0,console.log
DA:415,0
FN:418,console.log
FNDA:0,console.log
DA:419,0
FN:422,console.log
FNDA:0,console.log
DA:423,0
FN:426,console.log
FNDA:0,console.log
DA:427,0
FN:430,console.log
FNDA:0,console.log
DA:431,0
FN:434,console.log
FNDA:0,console.log
DA:435,0
FN:438,console.log
FNDA:0,console.log
DA:439,0
FN:442,console.log
FNDA:0,console.log
DA:443,0
FN:446,console.log
FNDA:0,console.log
DA:447,0
FN:450,console.log
FNDA:0,console.log
DA:451,0
FN:454,console.log
FNDA:0,console.log
DA:455,0
FN:458,console.log
FNDA:0,console.log
DA:459,0
FN:462,console.log
FNDA:0,console.log
DA:463,0
FN:466,console.log
FNDA:0,console.log
DA:467,0
FN:470,console.log
FNDA:0,console.log
DA:471,0
FN:474,console.log
FNDA:0,console.log
DA:475,0
FN:478,console.log
FNDA:0,console.log
DA:479,0
FN:482,console.log
FNDA:0,console.log
DA:483,0
FN:486,console.log
FNDA:0,console.log
DA:487,0
FN:490,console.log
FNDA:0,console.log
DA:491,0
FN:494,console.log
FNDA:0,console.log
DA:495,0
FN:498,console.log
FNDA:0,console.log
DA:499,0
FN:502,console.log
FNDA:0,console.log
DA:503,0
FN:506,console.log
FNDA:0,console.log
DA:507,0
FN:510,console.log
FNDA:0,console.log
DA:511,0
FN:514,console.log
FNDA:0,console.log
DA:515,0
FN:518,console.log
FNDA:0,console.log
DA:519,0
FN:522,console.log
FNDA:0,console.log
DA:523,0
FN:526,console.log
FNDA:0,console.log
DA:527,0
FN:530,console.log
FNDA:0,console.log
DA:531,0
FN:534,console.log
FNDA:0,console.log
DA:535,0
FN:538,console.log
FNDA:0,console.log
DA:539,0
FN:542,console.log
FNDA:0,console.log
DA:543,0
FN:546,console.log
FNDA:0,console.log
DA:547,0
FN:550,console.log
FNDA:0,console.log
DA:551,0
FN:554,console.log
FNDA:0,console.log
DA:555,0
FN:558,console.log
FNDA:0,console.log
DA:559,0
FN:562,console.log
FNDA:0,console.log
DA:563,0
FN:566,console.log
FNDA:0,console.log
DA:567,0
FN:570,console.log
FNDA:0,console.log
DA:571,0
FN:574,console.log
FNDA:0,console.log
DA:575,0
FN:578,console.log
FNDA:0,console.log
DA:579,0
FN:582,console.log
FNDA:0,console.log
DA:583,0
FN:586,console.log
FNDA:0,console.log
DA:587,0
FN:590,console.log
FNDA:0,console.log
DA:591,0
FN:594,console.log
FNDA:0,console.log
DA:595,0
FN:598,console.log
FNDA:0,console.log
DA:599,0
FN:602,console.log
FNDA:0,console.log
DA:603,0
FN:606,console.log
FNDA:0,console.log
DA:607,0
FN:610,console.log
FNDA:0,console.log
DA:611,0
FN:614,console.log
FNDA:0,console.log
DA:615,0
FN:618,console.log
FNDA:0,console.log
DA:619,0
FN:622,console.log
FNDA:0,console.log
DA:623,0
FN:626,console.log
FNDA:0,console.log
DA:627,0
FN:630,console.log
FNDA:0,console.log
DA:631,0
FN:634,console.log
FNDA:0,console.log
DA:635,0
FN:638,console.log
FNDA:0,console.log
DA:639,0
FN:642,console.log
FNDA:0,console.log
DA:643,0
FN:646,console.log
FNDA:0,console.log
DA:647,0
FN:650,console.log
FNDA:0,console.log
DA:651,0
FN:654,console.log
FNDA:0,console.log
DA:655,0
FN:658,console.log
FNDA:0,console.log
DA:659,0
FN:662,console.log
FNDA:0,console.log
DA:663,0
FN:666,console.log
FNDA:0,console.log
DA:667,0
FN:670,console.log
FNDA:0,console.log
DA:671,0
FN:674,console.log
FNDA:0,console.log
DA:675,0
FN:678,console.log
FNDA:0,console.log
DA:679,0
FN:682,console.log
FNDA:0,console.log
DA:683,0
FN:686,console.log
FNDA:0,console.log
DA:687,0
FN:690,console.log
FNDA:0,console.log
DA:691,0
FN:694,console.log
FNDA:0,console.log
DA:695,0
FN:698,console.log
FNDA:0,console.log
DA:699,0
FN:702,console.log
FNDA:0,console.log
DA:703,0
FN:706,console.log
FNDA:0,console.log
DA:707,0
FN:710,console.log
FNDA:0,console.log
DA:711,0
FN:714,console.log
FNDA:0,console.log
DA:715,0
FN:718,console.log
FNDA:0,console.log
DA:719,0
FN:722,console.log
FNDA:0,console.log
DA:723,0
FN:726,console.log
FNDA:0,console.log
DA:727,0
FN:730,console.log
FNDA:0,console.log
DA:731,0
FN:734,console.log
FNDA:0,console.log
DA:735,0
FN:738,console.log
FNDA:0,console.log
DA:739,0
FN:742,console.log
FNDA:0,console.log
DA:743,0
FN:746,console.log
FNDA:0,console.log
DA:747,0
FN:750,console.log
FNDA:0,console.log
DA:751,0
FN:754,console.log
FNDA:0,console.log
DA:755,0
FN:758,console.log
FNDA:0,console.log
DA:759,0
FN:762,console.log
FNDA:0,console.log
DA:763,0
FN:766,console.log
FNDA:0,console.log
DA:767,0
FN:770,console.log
FNDA:0,console.log
DA:771,0
FN:774,console.log
FNDA:0,console.log
DA:775,0
FN:778,console.log
FNDA:0,console.log
DA:779,0
FN:782,console.log
FNDA:0,console.log
DA:783,0
FN:786,console.log
FNDA:0,console.log
DA:787,0
FN:790,console.log
FNDA:0,console.log
DA:791,0
FN:794,console.log
FNDA:0,console.log
DA:795,0
FN:798,console.log
FNDA:0,console.log
DA:799,0
FN:802,console.log
FNDA:0,console.log
DA:803,0
FN:806,console.log
FNDA:0,console.log
DA:807,0
FN:810,console.log
FNDA:0,console.log
DA:811,0
FN:814,console.log
FNDA:0,console.log
DA:815,0
FN:818,console.log
FNDA:0,console.log
DA:819,0
FN:822,console.log
FNDA:0,console.log
DA:823,0
FN:826,console.log
FNDA:0,console.log
DA:827,0
FN:830,console.log
FNDA:0,console.log
DA:831,0
FN:834,console.log
FNDA:0,console.log
DA:835,0
FN:838,console.log
FNDA:0,console.log
DA:839,0
FN:842,console.log
FNDA:0,console.log
DA:843,0
FN:846,console.log
FNDA:0,console.log
DA:847,0
FN:850,console.log
FNDA:0,console.log
DA:851,0
FN:854,console.log
FNDA:0,console.log
DA:855,0
FN:858,console.log
FNDA:0,console.log
DA:859,0
FN:862,console.log
FNDA:0,console.log
DA:863,0
FN:866,console.log
FNDA:0,console.log
DA:867,0
FN:870,console.log
FNDA:0,console.log
DA:871,0
FN:874,console.log
FNDA:0,console.log
DA:875,0
FN:878,console.log
FNDA:0,console.log
DA:879,0
FN:882,console.log
FNDA:0,console.log
DA:883,0
FN:886,console.log
FNDA:0,console.log
DA:887,0
FN:890,console.log
FNDA:0,console.log
DA:891,0
FN:894,console.log
FNDA:0,console.log
DA:895,0
FN:898,console.log
FNDA:0,console.log
DA:899,0
FN:902,console.log
FNDA:0,console.log
DA:903,0
FN:906,console.log
FNDA:0,console.log
DA:907,0
FN:910,console.log
FNDA:0,console.log
DA:911,0
FN:914,console.log
FNDA:0,console.log
DA:915,0
FN:918,console.log
FNDA:0,console.log
DA:919,0
FN:922,console.log
FNDA:0,console.log
DA:923,0
FN:926,console.log
FNDA:0,console.log
DA:927,0
FN:930,console.log
FNDA:0,console.log
DA:931,0
FN:934,console.log
FNDA:0,console.log
DA:935,0
FN:938,console.log
FNDA:0,console.log
DA:939,0
FN:942,console.log
FNDA:0,console.log
DA:943,0
FN:946,console.log
FNDA:0,console.log
DA:947,0
FN:950,console.log
FNDA:0,console.log
DA:951,0
FN:954,console.log
FNDA:0,console.log
DA:955,0
FN:958,console.log
FNDA:0,console.log
DA:959,0
FN:962,console.log
FNDA:0,console.log
DA:963,0
FN:966,console.log
FNDA:0,console.log
DA:967,0
FN:970,console.log
FNDA:0,console.log
DA:971,0
FN:974,console.log
FNDA:0,console.log
DA:975,0
FN:978,console.log
FNDA:0,console.log
DA:979,0
FN:982,console.log
FNDA:0,console.log
DA:983,0
FN:986,console.log
FNDA:0,console.log
DA:987,0
FN:990,console.log
FNDA:0,console.log
DA:991,0
FN:994,console.log
FNDA:0,console.log
DA:995,0
FN:998,console.log
FNDA:0,console.log
DA:999,0
FN:1002,console.log
FNDA:0,console.log
DA:1003,0
FN:1006,console.log
FNDA:0,console.log
DA:1007,0
FN:1010,console.log
FNDA:0,console.log
DA:1011,0
FN:1014,console.log
FNDA:0,console.log
DA:1015,0
FN:1018,console.log
FNDA:0,console.log
DA:1019,0
FN:1022,console.log
FNDA:0,console.log
DA:1023,0
FN:1026,console.log
FNDA:0,console.log
DA:1027,0
FN:1030,console.log
FNDA:0,console.log
DA:1031,0
FN:1034,console.log
FNDA:0,console.log
DA:1035,0
FN:1038,console.log
FNDA:0,console.log
DA:1039,0
FN:1042,console.log
FNDA:0,console.log
DA:1043,0
FN:1046,console.log
FNDA:0,console.log
DA:1047,0
FN:1050,console.log
FNDA:0,console.log
DA:1051,0
FN:1054,console.log
FNDA:0,console.log
DA:1055,0
FN:1058,console.log
FNDA:0,console.log
DA:1059,0
FN:1062,console.log
FNDA:0,console.log
DA:1063,0
FN:1066,console.log
FNDA:0,console.log
DA:1067,0
FN:1070,console.log
FNDA:0,console.log
DA:1071,0
FN:1074,console.log
FNDA:0,console.log
DA:1075,0
FN:1078,console.log
FNDA:0,console.log
DA:1079,0
FN:1082,console.log
FNDA:0,console.log
DA:1083,0
FN:1086,console.log
FNDA:0,console.log
DA:1087,0
FN:1090,console.log
FNDA:0,console.log
DA:1091,0
FN:1094,console.log
FNDA:0,console.log
DA:1095,0
FN:1098,console.log
FNDA:0,console.log
DA:1099,0
FN:1102,console.log
FNDA:0,console.log
DA:1103,0
FN:1106,console.log
FNDA:0,console.log
DA:1107,0
FN:1110,console.log
FNDA:0,console.log
DA:1111,0
FN:1114,console.log
FNDA:0,console.log
DA:1115,0
FN:1118,console.log
FNDA:0,console.log
DA:1119,0
FN:1122,console.log
FNDA:0,console.log
DA:1123,0
FN:1126,console.log
FNDA:0,console.log
DA:1127,0
FN:1130,console.log
FNDA:0,console.log
DA:1131,0
FN:1134,console.log
FNDA:0,console.log
DA:1135,0
FN:1138,console.log
FNDA:0,console.log
DA:1139,0
FN:1142,console.log
FNDA:0,console.log
DA:1143,0
FN:1146,console.log
FNDA:0,console.log
DA:1147,0
FN:1150,console.log
FNDA:0,console.log
DA:1151,0
FN:1154,console.log
FNDA:0,console.log
DA:1155,0
FN:1158,console.log
FNDA:0,console.log
DA:1159,0
FN:1162,console.log
FNDA:0,console.log
DA:1163,0
FN:1166,console.log
FNDA:0,console.log
DA:1167,0
FN:1170,console.log
FNDA:0,console.log
DA:1171,0
FN:1174,console.log
FNDA:0,console.log
DA:1175,0
FN:1178,console.log
FNDA:0,console.log
DA:1179,0
FN:1182,console.log
FNDA:0,console.log
DA:1183,0
FN:1186,console.log
FNDA:0,console.log
DA:1187,0
FN:1190,console.log
FNDA:0,console.log
DA:1191,0
FN:1194,console.log
FNDA:0,console.log
DA:1195,0
FN:1198,console.log
FNDA:0,console.log
DA:1199,0
FN:1202,console.log
FNDA:0,console.log
DA:1203,0
FN:1206,console.log
FNDA:0,console.log
DA:1207,0
FN:1210,console.log
FNDA:0,console.log
DA:1211,0
FN:1214,console.log
FNDA:0,console.log
DA:1215,0
FN:1218,console.log
FNDA:0,console.log
DA:1219,0
FN:1222,console.log
FNDA:0,console.log
DA:1223,0
FN:1226,console.log
FNDA:0,console.log
DA:1227,0
FN:1230,console.log
FNDA:0,console.log
DA:1231,0
FN:1234,console.log
FNDA:0,console.log
DA:1235,0
FN:1238,console.log
FNDA:0,console.log
DA:1239,0
FN:1242,console.log
FNDA:0,console.log
DA:1243,0
FN:1246,console.log
FNDA:0,console.log
DA:1247,0
FN:1250,console.log
FNDA:0,console.log
DA:1251,0
FN:1254,console.log
FNDA:0,console.log
DA:1255,0
FN:1258,console.log
FNDA:0,console.log
DA:1259,0
FN:1262,console.log
FNDA:0,console.log
DA:1263,0
FN:1266,console.log
FNDA:0,console.log
DA:1267,0
FN:1270,console.log
FNDA:0,console.log
DA:1271,0
FN:1274,console.log
FNDA:0,console.log
DA:1275,0
FN:1278,console.log
FNDA:0,console.log
DA:1279,0
FN:1282,console.log
FNDA:0,console.log
DA:1283,0
FN:1286,console.log
FNDA:0,console.log
DA:1287,0
FN:1290,console.log
FNDA:0,console.log
DA:1291,0
FN:1294,console.log
FNDA:0,console.log
DA:1295,0
FN:1298,console.log
FNDA:0,console.log
DA:1299,0
FN:1302,console.log
FNDA:0,console.log
DA:1303,0
FN:1306,console.log
FNDA:0,console.log
DA:1307,0
FN:1310,console.log
FNDA:0,console.log
DA:1311,0
FN:1314,console.log
FNDA:0,console.log
DA:1315,0
FN:1318,console.log
FNDA:0,console.log
DA:1319,0
FN:1322,console.log
FNDA:0,console.log
DA:1323,0
FN:1326,console.log
FNDA:0,console.log
DA:1327,0
FN:1330,console.log
FNDA:0,console.log
DA:1331,0
FN:1334,console.log
FNDA:0,console.log
DA:1335,0
FN:1338,console.log
FNDA:0,console.log
DA:1339,0
FN:1342,console.log
FNDA:0,console.log
DA:1343,0
FN:1346,console.log
FNDA:0,console.log
DA:1347,0
FN:1350,console.log
FNDA:0,console.log
DA:1351,0
FN:1354,console.log
FNDA:0,console.log
DA:1355,0
FN:1358,console.log
FNDA:0,console.log
DA:1359,0
FN:1362,console.log
FNDA:0,console.log
DA:1363,0
FN:1366,console.log
FNDA:0,console.log
DA:1367,0
FN:1370,console.log
FNDA:0,console.log
DA:1371,0
FN:1374,console.log
FNDA:0,console.log
DA:1375,0
FN:1378,console.log
FNDA:0,console.log
DA:1379,0
FN:1382,console.log
FNDA:0,console.log
DA:1383,0
FN:1386,console.log
FNDA:0,console.log
DA:1387,0
FN:1390,console.log
FNDA:0,console.log
DA:1391,0
FN:1394,console.log
FNDA:0,console.log
DA:1395,0
FN:1398,console.log
FNDA:0,console.log
DA:1399,0
FN:1402,console.log
FNDA:0,console.log
DA:1403,0
FN:1406,console.log
FNDA:0,console.log
DA:1407,0
FN:1410,console.log
FNDA:0,console.log
DA:1411,0
FN:1414,console.log
FNDA:0,console.log
DA:1415,0
FN:1418,console.log
FNDA:0,console.log
DA:1419,0
FN:1422,console.log
FNDA:0,console.log
DA:1423,0
FN:1426,console.log
FNDA:0,console.log
DA:1427,0
FN:1430,console.log
FNDA:0,console.log
DA:1431,0
FN:1434,console.log
FNDA:0,console.log
DA:1435,0
FN:1438,console.log
FNDA:0,console.log
DA:1439,0
FN:1442,console.log
FNDA:0,console.log
DA:1443,0
FN:1446,console.log
FNDA:0,console.log
DA:1447,0
FN:1450,console.log
FNDA:0,console.log
DA:1451,0
FN:1454,console.log
FNDA:0,console.log
DA:1455,0
FN:1458,console.log
FNDA:0,console.log
DA:1459,0
FN:1462,console.log
FNDA:0,console.log
DA:1463,0
FN:1466,console.log
FNDA:0,console.log
DA:1467,0
FN:1470,console.log
FNDA:0,console.log
DA:1471,0
FN:1474,console.log
FNDA:0,console.log
DA:1475,0
FN:1478,console.log
FNDA:0,console.log
DA:1479,0
FN:1482,console.log
FNDA:0,console.log
DA:1483,0
FN:1486,console.log
FNDA:0,console.log
DA:1487,0
FN:1490,console.log
FNDA:0,console.log
DA:1491,0
FN:1494,console.log
FNDA:0,console.log
DA:1495,0
FN:1498,console.log
FNDA:0,console.log
DA:1499,0
FN:1502,console.log
FNDA:0,console.log
DA:1503,0
FN:1506,console.log
FNDA:0,console.log
DA:1507,0
FN:1510,console.log
FNDA:0,console.log
DA:1511,0
FN:1514,console.log
FNDA:0,console.log
DA:1515,0
FN:1518,console.log
FNDA:0,console.log
DA:1519,0
FN:1522,console.log
FNDA:0,console.log
DA:1523,0
FN:1526,console.log
FNDA:0,console.log
DA:1527,0
FN:1530,console.log
FNDA:0,console.log
DA:1531,0
FNF:380
FNH:0
LF:381
LH:0
BRF:0
BRH:0
end_of_record
TN:
SF:test/mocks/ChannelsMock.sol
FN:11,ChannelsMockTest.getChannelIdInternal
FNDA:1,ChannelsMockTest.getChannelIdInternal
DA:15,1
FN:18,ChannelsMockTest.getEncodedTicketInternal
FNDA:0,ChannelsMockTest.getEncodedTicketInternal
DA:27,0
FN:30,ChannelsMockTest.getTicketLuckInternal
FNDA:0,ChannelsMockTest.getTicketLuckInternal
DA:35,0
FN:38,ChannelsMockTest.getTicketHashInternal
FNDA:0,ChannelsMockTest.getTicketHashInternal
DA:47,0
FN:52,ChannelsMockTest.computeChallengeInternal
FNDA:0,ChannelsMockTest.computeChallengeInternal
DA:53,0
FNF:5
FNH:1
LF:5
LH:1
BRF:0
BRH:0
end_of_record
TN:
SF:test/mocks/ERC677Mock.sol
FN:26,ERC677Mock.batchMintInternal
FNDA:0,ERC677Mock.batchMintInternal
DA:27,0
DA:28,0
FN:32,ERC677Mock.transferAndCall
FNDA:512,ERC677Mock.transferAndCall
DA:37,512
BRDA:37,0,0,-
BRDA:37,0,1,512
DA:38,512
DA:40,512
BRDA:40,1,0,-
BRDA:40,1,1,512
DA:41,512
DA:42,512
BRDA:42,2,0,-
BRDA:42,2,1,512
DA:44,512
FN:47,ERC677Mock.superTransfer
FNDA:0,ERC677Mock.superTransfer
DA:48,0
FN:51,ERC677Mock.transfer
FNDA:1024,ERC677Mock.transfer
DA:52,1024
BRDA:52,3,0,-
BRDA:52,3,1,1024
DA:53,1024
DA:54,1024
BRDA:54,4,0,-
BRDA:54,4,1,1024
DA:55,1024
FN:58,ERC677Mock.transferFrom
FNDA:0,ERC677Mock.transferFrom
DA:63,0
BRDA:63,5,0,-
BRDA:63,5,1,-
DA:64,0
DA:65,0
BRDA:65,6,0,-
BRDA:65,6,1,-
DA:66,0
FNF:5
FNH:2
LF:17
LH:10
BRF:14
BRH:5
end_of_record
TN:
SF:test/mocks/ERC777Mock.sol
FN:18,ERC777Mock.mintInternal
FNDA:0,ERC777Mock.mintInternal
DA:24,0
FN:27,ERC777Mock.approveInternal
FNDA:0,ERC777Mock.approveInternal
DA:32,0
FNF:2
FNH:0
LF:2
LH:0
BRF:0
BRH:0
end_of_record
TN:
SF:test/mocks/ERC777SnapshotMock.sol
FN:16,ERC777SnapshotMock.getAccountValueAt
FNDA:257,ERC777SnapshotMock.getAccountValueAt
DA:20,257
FN:23,ERC777SnapshotMock.getTotalSupplyValueAt
FNDA:1,ERC777SnapshotMock.getTotalSupplyValueAt
DA:26,1
FN:29,ERC777SnapshotMock.updateValueAtNowAccount
FNDA:1,ERC777SnapshotMock.updateValueAtNowAccount
DA:33,1
FN:36,ERC777SnapshotMock.mint
FNDA:512,ERC777SnapshotMock.mint
DA:42,512
FN:45,ERC777SnapshotMock.burn
FNDA:512,ERC777SnapshotMock.burn
DA:51,512
FNF:5
FNH:5
LF:5
LH:5
BRF:0
BRH:0
end_of_record
TN:
SF:test/stake/HoprStakeSeason5.t.sol
FN:10,HoprStakeSeason5Test.setUp
FNDA:0,HoprStakeSeason5Test.setUp
DA:15,0
FNF:1
FNH:0
LF:1
LH:0
BRF:0
BRH:0
end_of_record
TN:
SF:test/utils/Channels.sol
FN:77,ChannelsUtilsTest.getChannelId
FNDA:0,ChannelsUtilsTest.getChannelId
DA:78,0
FN:81,ChannelsUtilsTest.assertEqChannels
FNDA:0,ChannelsUtilsTest.assertEqChannels
DA:85,0
DA:86,0
DA:87,0
FN:90,ChannelsUtilsTest.getChannelFromTuple
FNDA:0,ChannelsUtilsTest.getChannelFromTuple
DA:94,0
DA:96,0
FN:108,ChannelsUtilsTest.getChannelHash
FNDA:0,ChannelsUtilsTest.getChannelHash
DA:109,0
FNF:4
FNH:0
LF:7
LH:0
BRF:0
BRH:0
end_of_record
TN:
SF:test/utils/ERC1820Registry.sol
FN:12,ERC1820RegistryFixtureTest.setUp
FNDA:0,ERC1820RegistryFixtureTest.setUp
DA:14,0
FN:20,ERC1820RegistryFixtureTest.hasErc1820Registry
FNDA:0,ERC1820RegistryFixtureTest.hasErc1820Registry
DA:21,0
DA:23,0
DA:25,0
FN:28,ERC1820RegistryFixtureTest.mustHaveErc1820Registry
FNDA:0,ERC1820RegistryFixtureTest.mustHaveErc1820Registry
DA:29,0
BRDA:29,0,0,-
BRDA:29,0,1,-
FNF:3
FNH:0
LF:5
LH:0
BRF:2
BRH:0
end_of_record
TN:
SF:test/utils/Tokens.sol
FN:14,HoprTokenFixtureTest.setUp
FNDA:0,HoprTokenFixtureTest.setUp
DA:15,0
DA:16,0
DA:17,0
DA:19,0
DA:21,0
DA:22,0
FNF:1
FNH:0
LF:6
LH:0
BRF:0
BRH:0
end_of_record
